#
# There is insufficient memory for the Java Runtime Environment to continue.
# Native memory allocation (malloc) failed to allocate 783536 bytes for Chunk::new
# Possible reasons:
#   The system is out of physical RAM or swap space
#   The process is running with CompressedOops enabled, and the Java Heap may be blocking the growth of the native heap
# Possible solutions:
#   Reduce memory load on the system
#   Increase physical memory or swap space
#   Check if swap backing store is full
#   Decrease Java heap size (-Xmx/-Xms)
#   Decrease number of Java threads
#   Decrease Java thread stack sizes (-Xss)
#   Set larger code cache with -XX:ReservedCodeCacheSize=
#   JVM is running with Unscaled Compressed Oops mode in which the Java heap is
#     placed in the first 4GB address space. The Java Heap base address is the
#     maximum limit for the native heap growth. Please use -XX:HeapBaseMinAddress
#     to set the Java Heap base and to place the Java Heap above 4GB virtual address.
# This output file may be truncated or incomplete.
#
#  Out of Memory Error (arena.cpp:189), pid=22824, tid=6496
#
# JRE version: OpenJDK Runtime Environment Microsoft-8035246 (17.0.8+7) (build 17.0.8+7-LTS)
# Java VM: OpenJDK 64-Bit Server VM Microsoft-8035246 (17.0.8+7-LTS, mixed mode, sharing, tiered, compressed oops, compressed class ptrs, g1 gc, windows-amd64)
# No core dump will be written. Minidumps are not enabled by default on client versions of Windows
#

---------------  S U M M A R Y ------------

Command Line: -XX:MaxMetaspaceSize=512m --add-opens=java.base/java.util=ALL-UNNAMED --add-opens=java.base/java.lang=ALL-UNNAMED --add-opens=java.base/java.lang.invoke=ALL-UNNAMED --add-opens=java.prefs/java.util.prefs=ALL-UNNAMED --add-opens=java.base/java.nio.charset=ALL-UNNAMED --add-opens=java.base/java.net=ALL-UNNAMED --add-opens=java.base/java.util.concurrent.atomic=ALL-UNNAMED -Xmx2048m -Dfile.encoding=windows-1252 -Duser.country=IN -Duser.language=en -Duser.variant -javaagent:C:\Users\ASIM GOPE\.gradle\wrapper\dists\gradle-8.5-all\3zlzzgtsutfj0pbojr50n2l7z\gradle-8.5\lib\agents\gradle-instrumentation-agent-8.5.jar org.gradle.launcher.daemon.bootstrap.GradleDaemon 8.5

Host: Intel(R) Core(TM) i5-9300H CPU @ 2.40GHz, 8 cores, 7G,  Windows 11 , 64 bit Build 22621 (10.0.22621.3672)
Time: Mon Jun 24 17:54:37 2024 India Standard Time elapsed time: 57.459789 seconds (0d 0h 0m 57s)

---------------  T H R E A D  ---------------

Current thread (0x00000213326737b0):  JavaThread "C2 CompilerThread0" daemon [_thread_in_native, id=6496, stack(0x00000060fd900000,0x00000060fda00000)]


Current CompileTask:
C2:  57459 11259       4       groovyjarjarantlr4.v4.runtime.atn.ParserATNSimulator::getEpsilonTarget (147 bytes)

Stack: [0x00000060fd900000,0x00000060fda00000]
Native frames: (J=compiled Java code, j=interpreted, Vv=VM code, C=native code)
V  [jvm.dll+0x67bf3a]
V  [jvm.dll+0x83a024]
V  [jvm.dll+0x83b7ce]
V  [jvm.dll+0x83be33]
V  [jvm.dll+0x24785f]
V  [jvm.dll+0xac3bc]
V  [jvm.dll+0xac98c]
V  [jvm.dll+0x3680b2]
V  [jvm.dll+0x332451]
V  [jvm.dll+0x3318fa]
V  [jvm.dll+0x21a131]
V  [jvm.dll+0x219551]
V  [jvm.dll+0x1a56b6]
V  [jvm.dll+0x2291ea]
V  [jvm.dll+0x22724c]
V  [jvm.dll+0x7efd0c]
V  [jvm.dll+0x7ea13a]
V  [jvm.dll+0x67ad85]
C  [ucrtbase.dll+0x29333]
C  [KERNEL32.DLL+0x1257d]
C  [ntdll.dll+0x5af28]


---------------  P R O C E S S  ---------------

Threads class SMR info:
_java_thread_list=0x0000021355837bf0, length=104, elements={
0x0000021312263270, 0x0000021332658bb0, 0x0000021332659830, 0x000002133266eda0,
0x0000021332670770, 0x0000021332671130, 0x0000021332671af0, 0x00000213326737b0,
0x000002133267e190, 0x0000021332685fd0, 0x000002133288b3a0, 0x0000021332947d50,
0x0000021352b7cc80, 0x000002135307d300, 0x00000213532fa850, 0x0000021352eb4fd0,
0x0000021352c6caa0, 0x000002135343a3e0, 0x000002135343bd30, 0x000002135343c240,
0x000002135343c750, 0x0000021353439ed0, 0x000002135343ae00, 0x000002135343b820,
0x000002135343cc60, 0x000002135343b310, 0x000002135343d170, 0x000002135343d680,
0x0000021354783da0, 0x0000021354780b00, 0x0000021354782450, 0x0000021354782e70,
0x0000021354782960, 0x0000021354781010, 0x0000021354781520, 0x0000021354786620,
0x0000021354781a30, 0x0000021354786b30, 0x00000213547842b0, 0x00000213547847c0,
0x0000021354784cd0, 0x0000021354781f40, 0x0000021354783380, 0x00000213547851e0,
0x00000213547856f0, 0x0000021354785c00, 0x0000021354786110, 0x0000021354787040,
0x0000021353ab7ac0, 0x0000021353ab6b90, 0x0000021353ab3e00, 0x0000021353ab6680,
0x0000021353ab84e0, 0x0000021353ab1a90, 0x0000021353ab70a0, 0x0000021353ab5c60,
0x0000021353ab7fd0, 0x0000021353ab1fa0, 0x0000021353ab24b0, 0x0000021353ab1070,
0x0000021353ab1580, 0x0000021353ab4820, 0x0000021353ab2ed0, 0x0000021353ab5750,
0x0000021353ab89f0, 0x0000021353ab33e0, 0x0000021353ab75b0, 0x0000021353ab29c0,
0x0000021353ab38f0, 0x0000021353ab4310, 0x0000021353ab4d30, 0x0000021353ab5240,
0x0000021352a38f40, 0x0000021352a366c0, 0x0000021352a36bd0, 0x0000021352a35280,
0x0000021352a39e70, 0x0000021352a370e0, 0x0000021352a35790, 0x0000021352a38010,
0x0000021352a361b0, 0x0000021352a34d70, 0x0000021352a3a380, 0x0000021352a375f0,
0x0000021352a38a30, 0x0000021352a3a890, 0x0000021352a3b7c0, 0x0000021352a3b2b0,
0x0000021352a3bcd0, 0x0000021352a35ca0, 0x0000021352a3ada0, 0x0000021352a38520,
0x0000021352a37b00, 0x0000021352a39960, 0x000002135383a8f0, 0x000002135383bd30,
0x000002135383efd0, 0x000002135383cc60, 0x0000021353839ed0, 0x0000021353838070,
0x000002135383db90, 0x000002135383f4e0, 0x000002135383d170, 0x000002135383f9f0
}

Java Threads: ( => current thread )
  0x0000021312263270 JavaThread "main" [_thread_blocked, id=22876, stack(0x00000060fcc00000,0x00000060fcd00000)]
  0x0000021332658bb0 JavaThread "Reference Handler" daemon [_thread_blocked, id=24948, stack(0x00000060fd300000,0x00000060fd400000)]
  0x0000021332659830 JavaThread "Finalizer" daemon [_thread_blocked, id=21096, stack(0x00000060fd400000,0x00000060fd500000)]
  0x000002133266eda0 JavaThread "Signal Dispatcher" daemon [_thread_blocked, id=25208, stack(0x00000060fd500000,0x00000060fd600000)]
  0x0000021332670770 JavaThread "Attach Listener" daemon [_thread_blocked, id=8376, stack(0x00000060fd600000,0x00000060fd700000)]
  0x0000021332671130 JavaThread "Service Thread" daemon [_thread_in_vm, id=22340, stack(0x00000060fd700000,0x00000060fd800000)]
  0x0000021332671af0 JavaThread "Monitor Deflation Thread" daemon [_thread_blocked, id=1080, stack(0x00000060fd800000,0x00000060fd900000)]
=>0x00000213326737b0 JavaThread "C2 CompilerThread0" daemon [_thread_in_native, id=6496, stack(0x00000060fd900000,0x00000060fda00000)]
  0x000002133267e190 JavaThread "C1 CompilerThread0" daemon [_thread_blocked, id=22748, stack(0x00000060fda00000,0x00000060fdb00000)]
  0x0000021332685fd0 JavaThread "Sweeper thread" daemon [_thread_blocked, id=20560, stack(0x00000060fdb00000,0x00000060fdc00000)]
  0x000002133288b3a0 JavaThread "Common-Cleaner" daemon [_thread_blocked, id=3108, stack(0x00000060fdc00000,0x00000060fdd00000)]
  0x0000021332947d50 JavaThread "Notification Thread" daemon [_thread_blocked, id=6800, stack(0x00000060fdd00000,0x00000060fde00000)]
  0x0000021352b7cc80 JavaThread "Daemon health stats" [_thread_blocked, id=18808, stack(0x00000060fe300000,0x00000060fe400000)]
  0x000002135307d300 JavaThread "Incoming local TCP Connector on port 54191" [_thread_in_native, id=24572, stack(0x00000060fe400000,0x00000060fe500000)]
  0x00000213532fa850 JavaThread "Daemon periodic checks" [_thread_blocked, id=12216, stack(0x00000060fe500000,0x00000060fe600000)]
  0x0000021352eb4fd0 JavaThread "Daemon" [_thread_blocked, id=22880, stack(0x00000060fe600000,0x00000060fe700000)]
  0x0000021352c6caa0 JavaThread "Handler for socket connection from /127.0.0.1:54191 to /127.0.0.1:54192" [_thread_in_native, id=23600, stack(0x00000060fe700000,0x00000060fe800000)]
  0x000002135343a3e0 JavaThread "Cancel handler" [_thread_blocked, id=18944, stack(0x00000060fe800000,0x00000060fe900000)]
  0x000002135343bd30 JavaThread "Daemon worker" [_thread_blocked, id=19960, stack(0x00000060fe900000,0x00000060fea00000)]
  0x000002135343c240 JavaThread "Asynchronous log dispatcher for DefaultDaemonConnection: socket connection from /127.0.0.1:54191 to /127.0.0.1:54192" [_thread_blocked, id=23092, stack(0x00000060fea00000,0x00000060feb00000)]
  0x000002135343c750 JavaThread "Stdin handler" [_thread_blocked, id=23324, stack(0x00000060feb00000,0x00000060fec00000)]
  0x0000021353439ed0 JavaThread "Daemon client event forwarder" [_thread_blocked, id=4384, stack(0x00000060fec00000,0x00000060fed00000)]
  0x000002135343ae00 JavaThread "Cache worker for journal cache (C:\Users\ASIM GOPE\.gradle\caches\journal-1)" [_thread_blocked, id=21208, stack(0x00000060fed00000,0x00000060fee00000)]
  0x000002135343b820 JavaThread "File lock request listener" [_thread_in_native, id=9944, stack(0x00000060fee00000,0x00000060fef00000)]
  0x000002135343cc60 JavaThread "Cache worker for file hash cache (C:\Users\ASIM GOPE\.gradle\caches\8.5\fileHashes)" [_thread_blocked, id=19216, stack(0x00000060ff200000,0x00000060ff300000)]
  0x000002135343b310 JavaThread "File watcher server" daemon [_thread_in_native, id=18288, stack(0x00000060ff300000,0x00000060ff400000)]
  0x000002135343d170 JavaThread "File watcher consumer" daemon [_thread_blocked, id=20924, stack(0x00000060ff400000,0x00000060ff500000)]
  0x000002135343d680 JavaThread "Cache worker for checksums cache (A:\EPsum\BLE\BlueLoc\android\.gradle\8.5\checksums)" [_thread_blocked, id=19752, stack(0x00000060ff600000,0x00000060ff700000)]
  0x0000021354783da0 JavaThread "Cache worker for file hash cache (A:\EPsum\BLE\BlueLoc\android\.gradle\8.5\fileHashes)" [_thread_blocked, id=13464, stack(0x00000060ff700000,0x00000060ff800000)]
  0x0000021354780b00 JavaThread "Cache worker for cache directory md-supplier (C:\Users\ASIM GOPE\.gradle\caches\8.5\md-supplier)" [_thread_blocked, id=15136, stack(0x00000060ff800000,0x00000060ff900000)]
  0x0000021354782450 JavaThread "Cache worker for cache directory md-rule (C:\Users\ASIM GOPE\.gradle\caches\8.5\md-rule)" [_thread_blocked, id=25144, stack(0x00000060ff900000,0x00000060ffa00000)]
  0x0000021354782e70 JavaThread "Cache worker for file content cache (C:\Users\ASIM GOPE\.gradle\caches\8.5\fileContent)" [_thread_blocked, id=5340, stack(0x00000060ffa00000,0x00000060ffb00000)]
  0x0000021354782960 JavaThread "Cache worker for execution history cache (C:\Users\ASIM GOPE\.gradle\caches\8.5\executionHistory)" [_thread_blocked, id=20568, stack(0x00000060ffb00000,0x00000060ffc00000)]
  0x0000021354781010 JavaThread "jar transforms" [_thread_blocked, id=22508, stack(0x00000060ffc00000,0x00000060ffd00000)]
  0x0000021354781520 JavaThread "jar transforms Thread 2" [_thread_blocked, id=24028, stack(0x00000060ffd00000,0x00000060ffe00000)]
  0x0000021354786620 JavaThread "jar transforms Thread 3" [_thread_blocked, id=24068, stack(0x00000060ffe00000,0x00000060fff00000)]
  0x0000021354781a30 JavaThread "jar transforms Thread 4" [_thread_blocked, id=5044, stack(0x00000060fff00000,0x0000006100000000)]
  0x0000021354786b30 JavaThread "Exec process" [_thread_blocked, id=19724, stack(0x0000006080000000,0x0000006080100000)]
  0x00000213547842b0 JavaThread "Exec process Thread 2" [_thread_blocked, id=21380, stack(0x0000006080100000,0x0000006080200000)]
  0x00000213547847c0 JavaThread "Exec process Thread 3" [_thread_blocked, id=19500, stack(0x0000006080200000,0x0000006080300000)]
  0x0000021354784cd0 JavaThread "Cache worker for kotlin-dsl (C:\Users\ASIM GOPE\.gradle\caches\8.5\kotlin-dsl)" [_thread_blocked, id=20404, stack(0x0000006080300000,0x0000006080400000)]
  0x0000021354781f40 JavaThread "jar transforms Thread 5" [_thread_blocked, id=22648, stack(0x0000006080400000,0x0000006080500000)]
  0x0000021354783380 JavaThread "jar transforms Thread 6" [_thread_blocked, id=7436, stack(0x0000006080500000,0x0000006080600000)]
  0x00000213547851e0 JavaThread "Unconstrained build operations" [_thread_blocked, id=23212, stack(0x0000006080600000,0x0000006080700000)]
  0x00000213547856f0 JavaThread "Unconstrained build operations Thread 2" [_thread_blocked, id=20160, stack(0x0000006080700000,0x0000006080800000)]
  0x0000021354785c00 JavaThread "jar transforms Thread 7" [_thread_blocked, id=23292, stack(0x0000006080800000,0x0000006080900000)]
  0x0000021354786110 JavaThread "jar transforms Thread 8" [_thread_blocked, id=23792, stack(0x0000006080900000,0x0000006080a00000)]
  0x0000021354787040 JavaThread "Cache worker for dependencies-accessors (A:\EPsum\BLE\BlueLoc\android\.gradle\8.5\dependencies-accessors)" [_thread_blocked, id=24724, stack(0x0000006080a00000,0x0000006080b00000)]
  0x0000021353ab7ac0 JavaThread "Cache worker for Build Output Cleanup Cache (A:\EPsum\BLE\BlueLoc\node_modules\@react-native\gradle-plugin\.gradle\buildOutputCleanup)" [_thread_blocked, id=20056, stack(0x0000006080c00000,0x0000006080d00000)]
  0x0000021353ab6b90 JavaThread "Unconstrained build operations Thread 3" [_thread_blocked, id=23064, stack(0x0000006080d00000,0x0000006080e00000)]
  0x0000021353ab3e00 JavaThread "Unconstrained build operations Thread 4" [_thread_blocked, id=3220, stack(0x0000006080e00000,0x0000006080f00000)]
  0x0000021353ab6680 JavaThread "Unconstrained build operations Thread 5" [_thread_blocked, id=19316, stack(0x0000006080f00000,0x0000006081000000)]
  0x0000021353ab84e0 JavaThread "Unconstrained build operations Thread 6" [_thread_blocked, id=15088, stack(0x0000006081000000,0x0000006081100000)]
  0x0000021353ab1a90 JavaThread "Unconstrained build operations Thread 7" [_thread_blocked, id=24520, stack(0x0000006081100000,0x0000006081200000)]
  0x0000021353ab70a0 JavaThread "Unconstrained build operations Thread 8" [_thread_blocked, id=16684, stack(0x0000006081200000,0x0000006081300000)]
  0x0000021353ab5c60 JavaThread "Unconstrained build operations Thread 9" [_thread_blocked, id=14200, stack(0x0000006081300000,0x0000006081400000)]
  0x0000021353ab7fd0 JavaThread "build event listener" [_thread_blocked, id=23004, stack(0x0000006081400000,0x0000006081500000)]
  0x0000021353ab1fa0 JavaThread "Memory manager" [_thread_blocked, id=872, stack(0x0000006081500000,0x0000006081600000)]
  0x0000021353ab24b0 JavaThread "Cache worker for Build Output Cleanup Cache (A:\EPsum\BLE\BlueLoc\android\.gradle\buildOutputCleanup)" [_thread_blocked, id=13368, stack(0x0000006081600000,0x0000006081700000)]
  0x0000021353ab1070 JavaThread "ForkJoinPool.commonPool-worker-1" daemon [_thread_blocked, id=24240, stack(0x0000006081800000,0x0000006081900000)]
  0x0000021353ab1580 JavaThread "ForkJoinPool.commonPool-worker-2" daemon [_thread_blocked, id=22780, stack(0x0000006081900000,0x0000006081a00000)]
  0x0000021353ab4820 JavaThread "ForkJoinPool.commonPool-worker-3" daemon [_thread_blocked, id=8960, stack(0x0000006081a00000,0x0000006081b00000)]
  0x0000021353ab2ed0 JavaThread "ForkJoinPool.commonPool-worker-4" daemon [_thread_blocked, id=23884, stack(0x0000006081b00000,0x0000006081c00000)]
  0x0000021353ab5750 JavaThread "ForkJoinPool.commonPool-worker-5" daemon [_thread_blocked, id=21672, stack(0x0000006081c00000,0x0000006081d00000)]
  0x0000021353ab89f0 JavaThread "ForkJoinPool.commonPool-worker-6" daemon [_thread_blocked, id=22524, stack(0x0000006081d00000,0x0000006081e00000)]
  0x0000021353ab33e0 JavaThread "ForkJoinPool.commonPool-worker-7" daemon [_thread_blocked, id=23752, stack(0x0000006081e00000,0x0000006081f00000)]
  0x0000021353ab75b0 JavaThread "included builds" [_thread_blocked, id=23692, stack(0x0000006081f00000,0x0000006082000000)]
  0x0000021353ab29c0 JavaThread "Execution worker" [_thread_blocked, id=20768, stack(0x0000006082000000,0x0000006082100000)]
  0x0000021353ab38f0 JavaThread "Execution worker Thread 2" [_thread_blocked, id=332, stack(0x0000006082100000,0x0000006082200000)]
  0x0000021353ab4310 JavaThread "Execution worker Thread 3" [_thread_blocked, id=22484, stack(0x0000006082200000,0x0000006082300000)]
  0x0000021353ab4d30 JavaThread "Execution worker Thread 4" [_thread_blocked, id=20416, stack(0x0000006082300000,0x0000006082400000)]
  0x0000021353ab5240 JavaThread "Execution worker Thread 5" [_thread_blocked, id=20492, stack(0x0000006082400000,0x0000006082500000)]
  0x0000021352a38f40 JavaThread "Execution worker Thread 6" [_thread_blocked, id=2060, stack(0x0000006082500000,0x0000006082600000)]
  0x0000021352a366c0 JavaThread "Execution worker Thread 7" [_thread_blocked, id=5380, stack(0x0000006082600000,0x0000006082700000)]
  0x0000021352a36bd0 JavaThread "Cache worker for execution history cache (A:\EPsum\BLE\BlueLoc\node_modules\@react-native\gradle-plugin\.gradle\8.5\executionHistory)" [_thread_blocked, id=24408, stack(0x0000006082700000,0x0000006082800000)]
  0x0000021352a35280 JavaThread "Unconstrained build operations Thread 10" [_thread_blocked, id=25120, stack(0x0000006082800000,0x0000006082900000)]
  0x0000021352a39e70 JavaThread "Unconstrained build operations Thread 11" [_thread_blocked, id=21440, stack(0x0000006082900000,0x0000006082a00000)]
  0x0000021352a370e0 JavaThread "Unconstrained build operations Thread 12" [_thread_blocked, id=13408, stack(0x0000006082a00000,0x0000006082b00000)]
  0x0000021352a35790 JavaThread "Unconstrained build operations Thread 13" [_thread_blocked, id=22828, stack(0x0000006082b00000,0x0000006082c00000)]
  0x0000021352a38010 JavaThread "Unconstrained build operations Thread 14" [_thread_blocked, id=22736, stack(0x0000006082c00000,0x0000006082d00000)]
  0x0000021352a361b0 JavaThread "Unconstrained build operations Thread 15" [_thread_blocked, id=23396, stack(0x0000006082d00000,0x0000006082e00000)]
  0x0000021352a34d70 JavaThread "Unconstrained build operations Thread 16" [_thread_blocked, id=25532, stack(0x0000006082e00000,0x0000006082f00000)]
  0x0000021352a3a380 JavaThread "Unconstrained build operations Thread 17" [_thread_blocked, id=24756, stack(0x0000006082f00000,0x0000006083000000)]
  0x0000021352a375f0 JavaThread "Unconstrained build operations Thread 18" [_thread_blocked, id=22608, stack(0x0000006083000000,0x0000006083100000)]
  0x0000021352a38a30 JavaThread "Unconstrained build operations Thread 19" [_thread_blocked, id=24116, stack(0x0000006083100000,0x0000006083200000)]
  0x0000021352a3a890 JavaThread "Unconstrained build operations Thread 20" [_thread_blocked, id=4504, stack(0x0000006083200000,0x0000006083300000)]
  0x0000021352a3b7c0 JavaThread "Unconstrained build operations Thread 21" [_thread_blocked, id=24080, stack(0x0000006083300000,0x0000006083400000)]
  0x0000021352a3b2b0 JavaThread "Unconstrained build operations Thread 22" [_thread_blocked, id=21644, stack(0x0000006083400000,0x0000006083500000)]
  0x0000021352a3bcd0 JavaThread "Unconstrained build operations Thread 23" [_thread_blocked, id=23172, stack(0x0000006083500000,0x0000006083600000)]
  0x0000021352a35ca0 JavaThread "Unconstrained build operations Thread 24" [_thread_blocked, id=2144, stack(0x0000006083600000,0x0000006083700000)]
  0x0000021352a3ada0 JavaThread "Unconstrained build operations Thread 25" [_thread_blocked, id=18380, stack(0x0000006083700000,0x0000006083800000)]
  0x0000021352a38520 JavaThread "WorkerExecutor Queue" [_thread_blocked, id=24468, stack(0x0000006083800000,0x0000006083900000)]
  0x0000021352a37b00 JavaThread "RMI Scheduler(0)" daemon [_thread_blocked, id=19672, stack(0x0000006081700000,0x0000006081800000)]
  0x0000021352a39960 JavaThread "RMI GC Daemon" daemon [_thread_blocked, id=18040, stack(0x0000006083a00000,0x0000006083b00000)]
  0x000002135383a8f0 JavaThread "RMI TCP Accept-0" daemon [_thread_in_native, id=20420, stack(0x0000006083b00000,0x0000006083c00000)]
  0x000002135383bd30 JavaThread "RMI Reaper" [_thread_blocked, id=2392, stack(0x0000006083c00000,0x0000006083d00000)]
  0x000002135383efd0 JavaThread "RMI TCP Connection(2)-127.0.0.1" daemon [_thread_in_native, id=22032, stack(0x0000006083d00000,0x0000006083e00000)]
  0x000002135383cc60 JavaThread "Unconstrained build operations Thread 26" [_thread_blocked, id=9888, stack(0x0000006084000000,0x0000006084100000)]
  0x0000021353839ed0 JavaThread "Unconstrained build operations Thread 27" [_thread_blocked, id=17944, stack(0x0000006084100000,0x0000006084200000)]
  0x0000021353838070 JavaThread "Unconstrained build operations Thread 28" [_thread_blocked, id=19776, stack(0x0000006084200000,0x0000006084300000)]
  0x000002135383db90 JavaThread "Unconstrained build operations Thread 29" [_thread_blocked, id=24184, stack(0x0000006084300000,0x0000006084400000)]
  0x000002135383f4e0 JavaThread "Unconstrained build operations Thread 30" [_thread_blocked, id=13988, stack(0x0000006084400000,0x0000006084500000)]
  0x000002135383d170 JavaThread "Unconstrained build operations Thread 31" [_thread_blocked, id=21964, stack(0x0000006084500000,0x0000006084600000)]
  0x000002135383f9f0 JavaThread "Unconstrained build operations Thread 32" [_thread_blocked, id=19692, stack(0x0000006084600000,0x0000006084700000)]

Other Threads:
  0x0000021332654400 VMThread "VM Thread" [stack: 0x00000060fd200000,0x00000060fd300000] [id=13744] _threads_hazard_ptr=0x0000021355837bf0
  0x00000213122da960 WatcherThread [stack: 0x00000060fde00000,0x00000060fdf00000] [id=7416]
  0x00000213122be6d0 GCTaskThread "GC Thread#0" [stack: 0x00000060fcd00000,0x00000060fce00000] [id=22580]
  0x0000021332b50a80 GCTaskThread "GC Thread#1" [stack: 0x00000060fdf00000,0x00000060fe000000] [id=25036]
  0x0000021332b50d40 GCTaskThread "GC Thread#2" [stack: 0x00000060fe000000,0x00000060fe100000] [id=23776]
  0x0000021352a8bc70 GCTaskThread "GC Thread#3" [stack: 0x00000060fe100000,0x00000060fe200000] [id=12952]
  0x00000213526bf7f0 GCTaskThread "GC Thread#4" [stack: 0x00000060fe200000,0x00000060fe300000] [id=19000]
  0x0000021352b0e140 GCTaskThread "GC Thread#5" [stack: 0x00000060fef00000,0x00000060ff000000] [id=15476]
  0x0000021353cca350 GCTaskThread "GC Thread#6" [stack: 0x00000060ff000000,0x00000060ff100000] [id=13740]
  0x0000021353d42270 GCTaskThread "GC Thread#7" [stack: 0x00000060ff100000,0x00000060ff200000] [id=25248]
  0x00000213122cf520 ConcurrentGCThread "G1 Main Marker" [stack: 0x00000060fce00000,0x00000060fcf00000] [id=13484]
  0x00000213122cfe30 ConcurrentGCThread "G1 Conc#0" [stack: 0x00000060fcf00000,0x00000060fd000000] [id=25048]
  0x00000213525f82d0 ConcurrentGCThread "G1 Conc#1" [stack: 0x00000060ff500000,0x00000060ff600000] [id=24336]
  0x000002131230d8e0 ConcurrentGCThread "G1 Refine#0" [stack: 0x00000060fd000000,0x00000060fd100000] [id=22408]
  0x0000021352870ca0 ConcurrentGCThread "G1 Refine#1" [stack: 0x0000006080b00000,0x0000006080c00000] [id=20624]
  0x000002131230e210 ConcurrentGCThread "G1 Service" [stack: 0x00000060fd100000,0x00000060fd200000] [id=22888]

Threads with active compile tasks:
C2 CompilerThread0    57535 11259       4       groovyjarjarantlr4.v4.runtime.atn.ParserATNSimulator::getEpsilonTarget (147 bytes)
C1 CompilerThread0    57535 11397       2       groovyjarjarantlr4.v4.runtime.atn.ParserATNSimulator::addDFAState (226 bytes)

VM state: synchronizing (normal execution)

VM Mutex/Monitor currently owned by a thread:  ([mutex/lock_event])
[0x000002131225fa40] Threads_lock - owner thread: 0x0000021332654400
[0x000002131225f380] Heap_lock - owner thread: 0x000002135343bd30

Heap address: 0x0000000080000000, size: 2048 MB, Compressed Oops mode: 32-bit

CDS archive(s) mapped at: [0x0000021333000000-0x0000021333bd0000-0x0000021333bd0000), size 12386304, SharedBaseAddress: 0x0000021333000000, ArchiveRelocationMode: 1.
Compressed class space mapped at: 0x0000021334000000-0x000002134e000000, reserved size: 436207616
Narrow klass base: 0x0000021333000000, Narrow klass shift: 0, Narrow klass range: 0x100000000

GC Precious Log:
 CPUs: 8 total, 8 available
 Memory: 8036M
 Large Page Support: Disabled
 NUMA Support: Disabled
 Compressed Oops: Enabled (32-bit)
 Heap Region Size: 1M
 Heap Min Capacity: 8M
 Heap Initial Capacity: 126M
 Heap Max Capacity: 2G
 Pre-touch: Disabled
 Parallel Workers: 8
 Concurrent Workers: 2
 Concurrent Refinement Workers: 8
 Periodic GC: Disabled

Heap:
 garbage-first heap   total 139264K, used 85129K [0x0000000080000000, 0x0000000100000000)
  region size 1024K, 6 young (6144K), 2 survivors (2048K)
 Metaspace       used 82979K, committed 83776K, reserved 557056K
  class space    used 11644K, committed 11968K, reserved 425984K

Heap Regions: E=young(eden), S=young(survivor), O=old, HS=humongous(starts), HC=humongous(continues), CS=collection set, F=free, OA=open archive, CA=closed archive, TAMS=top-at-mark-start (previous, next)
|   0|0x0000000080000000, 0x0000000080100000, 0x0000000080100000|100%|HS|  |TAMS 0x0000000080100000, 0x0000000080000000| Complete 
|   1|0x0000000080100000, 0x0000000080200000, 0x0000000080200000|100%|HC|  |TAMS 0x0000000080200000, 0x0000000080100000| Complete 
|   2|0x0000000080200000, 0x0000000080300000, 0x0000000080300000|100%|HC|  |TAMS 0x0000000080300000, 0x0000000080200000| Complete 
|   3|0x0000000080300000, 0x0000000080400000, 0x0000000080400000|100%|HC|  |TAMS 0x0000000080400000, 0x0000000080300000| Complete 
|   4|0x0000000080400000, 0x0000000080500000, 0x0000000080500000|100%| O|  |TAMS 0x0000000080500000, 0x0000000080400000| Untracked 
|   5|0x0000000080500000, 0x0000000080600000, 0x0000000080600000|100%| O|  |TAMS 0x0000000080600000, 0x0000000080500000| Untracked 
|   6|0x0000000080600000, 0x0000000080700000, 0x0000000080700000|100%| O|  |TAMS 0x0000000080700000, 0x0000000080600000| Untracked 
|   7|0x0000000080700000, 0x0000000080800000, 0x0000000080800000|100%| O|  |TAMS 0x0000000080800000, 0x0000000080700000| Untracked 
|   8|0x0000000080800000, 0x0000000080900000, 0x0000000080900000|100%| O|  |TAMS 0x0000000080900000, 0x0000000080800000| Untracked 
|   9|0x0000000080900000, 0x0000000080a00000, 0x0000000080a00000|100%| O|  |TAMS 0x0000000080a00000, 0x0000000080900000| Untracked 
|  10|0x0000000080a00000, 0x0000000080b00000, 0x0000000080b00000|100%| O|  |TAMS 0x0000000080b00000, 0x0000000080a00000| Untracked 
|  11|0x0000000080b00000, 0x0000000080c00000, 0x0000000080c00000|100%| O|  |TAMS 0x0000000080c00000, 0x0000000080b00000| Untracked 
|  12|0x0000000080c00000, 0x0000000080d00000, 0x0000000080d00000|100%| O|  |TAMS 0x0000000080d00000, 0x0000000080c00000| Untracked 
|  13|0x0000000080d00000, 0x0000000080e00000, 0x0000000080e00000|100%| O|  |TAMS 0x0000000080e00000, 0x0000000080d00000| Untracked 
|  14|0x0000000080e00000, 0x0000000080f00000, 0x0000000080f00000|100%| O|  |TAMS 0x0000000080f00000, 0x0000000080e00000| Untracked 
|  15|0x0000000080f00000, 0x0000000081000000, 0x0000000081000000|100%| O|  |TAMS 0x0000000081000000, 0x0000000080f00000| Untracked 
|  16|0x0000000081000000, 0x0000000081100000, 0x0000000081100000|100%| O|  |TAMS 0x0000000081100000, 0x0000000081000000| Untracked 
|  17|0x0000000081100000, 0x0000000081200000, 0x0000000081200000|100%| O|  |TAMS 0x0000000081200000, 0x0000000081100000| Untracked 
|  18|0x0000000081200000, 0x0000000081300000, 0x0000000081300000|100%| O|  |TAMS 0x0000000081300000, 0x0000000081200000| Untracked 
|  19|0x0000000081300000, 0x0000000081400000, 0x0000000081400000|100%| O|  |TAMS 0x0000000081400000, 0x0000000081300000| Untracked 
|  20|0x0000000081400000, 0x0000000081500000, 0x0000000081500000|100%| O|  |TAMS 0x0000000081500000, 0x0000000081400000| Untracked 
|  21|0x0000000081500000, 0x0000000081600000, 0x0000000081600000|100%| O|  |TAMS 0x0000000081600000, 0x0000000081500000| Untracked 
|  22|0x0000000081600000, 0x0000000081700000, 0x0000000081700000|100%| O|  |TAMS 0x0000000081700000, 0x0000000081600000| Untracked 
|  23|0x0000000081700000, 0x0000000081800000, 0x0000000081800000|100%| O|  |TAMS 0x0000000081800000, 0x0000000081700000| Untracked 
|  24|0x0000000081800000, 0x0000000081900000, 0x0000000081900000|100%| O|  |TAMS 0x0000000081900000, 0x0000000081800000| Untracked 
|  25|0x0000000081900000, 0x0000000081a00000, 0x0000000081a00000|100%| O|  |TAMS 0x0000000081a00000, 0x0000000081900000| Untracked 
|  26|0x0000000081a00000, 0x0000000081b00000, 0x0000000081b00000|100%| O|  |TAMS 0x0000000081b00000, 0x0000000081a00000| Untracked 
|  27|0x0000000081b00000, 0x0000000081c00000, 0x0000000081c00000|100%| O|  |TAMS 0x0000000081c00000, 0x0000000081b00000| Untracked 
|  28|0x0000000081c00000, 0x0000000081d00000, 0x0000000081d00000|100%| O|  |TAMS 0x0000000081d00000, 0x0000000081c00000| Untracked 
|  29|0x0000000081d00000, 0x0000000081e00000, 0x0000000081e00000|100%| O|  |TAMS 0x0000000081e00000, 0x0000000081d00000| Untracked 
|  30|0x0000000081e00000, 0x0000000081f00000, 0x0000000081f00000|100%| O|  |TAMS 0x0000000081f00000, 0x0000000081e00000| Untracked 
|  31|0x0000000081f00000, 0x0000000082000000, 0x0000000082000000|100%| O|  |TAMS 0x0000000082000000, 0x0000000081f00000| Untracked 
|  32|0x0000000082000000, 0x0000000082100000, 0x0000000082100000|100%| O|  |TAMS 0x0000000082100000, 0x0000000082000000| Untracked 
|  33|0x0000000082100000, 0x0000000082200000, 0x0000000082200000|100%| O|  |TAMS 0x0000000082200000, 0x0000000082100000| Untracked 
|  34|0x0000000082200000, 0x0000000082300000, 0x0000000082300000|100%| O|  |TAMS 0x0000000082300000, 0x0000000082200000| Untracked 
|  35|0x0000000082300000, 0x0000000082400000, 0x0000000082400000|100%| O|  |TAMS 0x0000000082400000, 0x0000000082300000| Untracked 
|  36|0x0000000082400000, 0x0000000082500000, 0x0000000082500000|100%| O|  |TAMS 0x0000000082500000, 0x0000000082400000| Untracked 
|  37|0x0000000082500000, 0x0000000082600000, 0x0000000082600000|100%| O|  |TAMS 0x0000000082600000, 0x0000000082500000| Complete 
|  38|0x0000000082600000, 0x0000000082700000, 0x0000000082700000|100%| O|  |TAMS 0x0000000082700000, 0x0000000082600000| Untracked 
|  39|0x0000000082700000, 0x0000000082800000, 0x0000000082800000|100%| O|  |TAMS 0x0000000082800000, 0x0000000082700000| Untracked 
|  40|0x0000000082800000, 0x0000000082900000, 0x0000000082900000|100%| O|  |TAMS 0x0000000082900000, 0x0000000082800000| Untracked 
|  41|0x0000000082900000, 0x0000000082a00000, 0x0000000082a00000|100%| O|  |TAMS 0x0000000082a00000, 0x0000000082900000| Untracked 
|  42|0x0000000082a00000, 0x0000000082b00000, 0x0000000082b00000|100%|HS|  |TAMS 0x0000000082b00000, 0x0000000082a00000| Complete 
|  43|0x0000000082b00000, 0x0000000082c00000, 0x0000000082c00000|100%|HC|  |TAMS 0x0000000082c00000, 0x0000000082b00000| Complete 
|  44|0x0000000082c00000, 0x0000000082d00000, 0x0000000082d00000|100%|HS|  |TAMS 0x0000000082d00000, 0x0000000082c00000| Complete 
|  45|0x0000000082d00000, 0x0000000082e00000, 0x0000000082e00000|100%|HC|  |TAMS 0x0000000082e00000, 0x0000000082d00000| Complete 
|  46|0x0000000082e00000, 0x0000000082f00000, 0x0000000082f00000|100%|HS|  |TAMS 0x0000000082f00000, 0x0000000082e00000| Complete 
|  47|0x0000000082f00000, 0x0000000083000000, 0x0000000083000000|100%|HC|  |TAMS 0x0000000083000000, 0x0000000082f00000| Complete 
|  48|0x0000000083000000, 0x0000000083100000, 0x0000000083100000|100%|HC|  |TAMS 0x0000000083100000, 0x0000000083000000| Complete 
|  49|0x0000000083100000, 0x0000000083200000, 0x0000000083200000|100%|HC|  |TAMS 0x0000000083200000, 0x0000000083100000| Complete 
|  50|0x0000000083200000, 0x0000000083300000, 0x0000000083300000|100%|HS|  |TAMS 0x0000000083300000, 0x0000000083200000| Complete 
|  51|0x0000000083300000, 0x0000000083400000, 0x0000000083400000|100%|HC|  |TAMS 0x0000000083400000, 0x0000000083300000| Complete 
|  52|0x0000000083400000, 0x0000000083500000, 0x0000000083500000|100%|HC|  |TAMS 0x0000000083500000, 0x0000000083400000| Complete 
|  53|0x0000000083500000, 0x0000000083600000, 0x0000000083600000|100%|HC|  |TAMS 0x0000000083600000, 0x0000000083500000| Complete 
|  54|0x0000000083600000, 0x0000000083700000, 0x0000000083700000|100%| O|  |TAMS 0x0000000083700000, 0x0000000083600000| Untracked 
|  55|0x0000000083700000, 0x0000000083800000, 0x0000000083800000|100%| O|  |TAMS 0x0000000083800000, 0x0000000083700000| Untracked 
|  56|0x0000000083800000, 0x0000000083900000, 0x0000000083900000|100%| O|  |TAMS 0x0000000083900000, 0x0000000083800000| Untracked 
|  57|0x0000000083900000, 0x0000000083a00000, 0x0000000083a00000|100%| O|  |TAMS 0x0000000083a00000, 0x0000000083900000| Untracked 
|  58|0x0000000083a00000, 0x0000000083b00000, 0x0000000083b00000|100%| O|  |TAMS 0x0000000083b00000, 0x0000000083a00000| Untracked 
|  59|0x0000000083b00000, 0x0000000083c00000, 0x0000000083c00000|100%| O|  |TAMS 0x0000000083c00000, 0x0000000083b00000| Untracked 
|  60|0x0000000083c00000, 0x0000000083d00000, 0x0000000083d00000|100%| O|  |TAMS 0x0000000083d00000, 0x0000000083c00000| Untracked 
|  61|0x0000000083d00000, 0x0000000083e00000, 0x0000000083e00000|100%| O|  |TAMS 0x0000000083e00000, 0x0000000083d00000| Untracked 
|  62|0x0000000083e00000, 0x0000000083f00000, 0x0000000083f00000|100%| O|  |TAMS 0x0000000083f00000, 0x0000000083e00000| Untracked 
|  63|0x0000000083f00000, 0x0000000084000000, 0x0000000084000000|100%| O|  |TAMS 0x0000000084000000, 0x0000000083f00000| Untracked 
|  64|0x0000000084000000, 0x0000000084100000, 0x0000000084100000|100%| O|  |TAMS 0x0000000084100000, 0x0000000084000000| Untracked 
|  65|0x0000000084100000, 0x0000000084200000, 0x0000000084200000|100%| O|  |TAMS 0x0000000084200000, 0x0000000084100000| Untracked 
|  66|0x0000000084200000, 0x0000000084300000, 0x0000000084300000|100%| O|  |TAMS 0x0000000084300000, 0x0000000084200000| Untracked 
|  67|0x0000000084300000, 0x0000000084400000, 0x0000000084400000|100%| O|  |TAMS 0x0000000084400000, 0x0000000084300000| Untracked 
|  68|0x0000000084400000, 0x0000000084500000, 0x0000000084500000|100%| O|  |TAMS 0x0000000084500000, 0x0000000084400000| Untracked 
|  69|0x0000000084500000, 0x0000000084600000, 0x0000000084600000|100%| O|  |TAMS 0x0000000084600000, 0x0000000084500000| Untracked 
|  70|0x0000000084600000, 0x0000000084700000, 0x0000000084700000|100%| O|  |TAMS 0x00000000846b3c00, 0x0000000084600000| Untracked 
|  71|0x0000000084700000, 0x0000000084800000, 0x0000000084800000|100%| O|  |TAMS 0x0000000084700000, 0x0000000084700000| Untracked 
|  72|0x0000000084800000, 0x0000000084900000, 0x0000000084900000|100%| O|  |TAMS 0x0000000084800000, 0x0000000084800000| Untracked 
|  73|0x0000000084900000, 0x0000000084a00000, 0x0000000084a00000|100%| O|  |TAMS 0x0000000084900000, 0x0000000084900000| Untracked 
|  74|0x0000000084a00000, 0x0000000084b00000, 0x0000000084b00000|100%| O|  |TAMS 0x0000000084a00000, 0x0000000084a00000| Untracked 
|  75|0x0000000084b00000, 0x0000000084c00000, 0x0000000084c00000|100%| O|  |TAMS 0x0000000084b00000, 0x0000000084b00000| Untracked 
|  76|0x0000000084c00000, 0x0000000084d00000, 0x0000000084d00000|100%| O|  |TAMS 0x0000000084c00000, 0x0000000084c00000| Untracked 
|  77|0x0000000084d00000, 0x0000000084d2c600, 0x0000000084e00000| 17%| O|  |TAMS 0x0000000084d00000, 0x0000000084d00000| Untracked 
|  78|0x0000000084e00000, 0x0000000084e00000, 0x0000000084f00000|  0%| F|  |TAMS 0x0000000084e00000, 0x0000000084e00000| Untracked 
|  79|0x0000000084f00000, 0x0000000084f00000, 0x0000000085000000|  0%| F|  |TAMS 0x0000000084f00000, 0x0000000084f00000| Untracked 
|  80|0x0000000085000000, 0x0000000085000000, 0x0000000085100000|  0%| F|  |TAMS 0x0000000085000000, 0x0000000085000000| Untracked 
|  81|0x0000000085100000, 0x0000000085100000, 0x0000000085200000|  0%| F|  |TAMS 0x0000000085100000, 0x0000000085100000| Untracked 
|  82|0x0000000085200000, 0x0000000085200000, 0x0000000085300000|  0%| F|  |TAMS 0x0000000085200000, 0x0000000085200000| Untracked 
|  83|0x0000000085300000, 0x0000000085300000, 0x0000000085400000|  0%| F|  |TAMS 0x0000000085300000, 0x0000000085300000| Untracked 
|  84|0x0000000085400000, 0x0000000085400000, 0x0000000085500000|  0%| F|  |TAMS 0x0000000085400000, 0x0000000085400000| Untracked 
|  85|0x0000000085500000, 0x0000000085500000, 0x0000000085600000|  0%| F|  |TAMS 0x0000000085500000, 0x0000000085500000| Untracked 
|  86|0x0000000085600000, 0x0000000085600000, 0x0000000085700000|  0%| F|  |TAMS 0x0000000085600000, 0x0000000085600000| Untracked 
|  87|0x0000000085700000, 0x0000000085700000, 0x0000000085800000|  0%| F|  |TAMS 0x0000000085700000, 0x0000000085700000| Untracked 
|  88|0x0000000085800000, 0x0000000085800000, 0x0000000085900000|  0%| F|  |TAMS 0x0000000085800000, 0x0000000085800000| Untracked 
|  89|0x0000000085900000, 0x0000000085900000, 0x0000000085a00000|  0%| F|  |TAMS 0x0000000085900000, 0x0000000085900000| Untracked 
|  90|0x0000000085a00000, 0x0000000085a00000, 0x0000000085b00000|  0%| F|  |TAMS 0x0000000085a00000, 0x0000000085a00000| Untracked 
|  91|0x0000000085b00000, 0x0000000085b00000, 0x0000000085c00000|  0%| F|  |TAMS 0x0000000085b00000, 0x0000000085b00000| Untracked 
|  92|0x0000000085c00000, 0x0000000085c00000, 0x0000000085d00000|  0%| F|  |TAMS 0x0000000085c00000, 0x0000000085c00000| Untracked 
|  93|0x0000000085d00000, 0x0000000085d00000, 0x0000000085e00000|  0%| F|  |TAMS 0x0000000085d00000, 0x0000000085d00000| Untracked 
|  94|0x0000000085e00000, 0x0000000085e00000, 0x0000000085f00000|  0%| F|  |TAMS 0x0000000085e00000, 0x0000000085e00000| Untracked 
|  95|0x0000000085f00000, 0x0000000085f00000, 0x0000000086000000|  0%| F|  |TAMS 0x0000000085f00000, 0x0000000085f00000| Untracked 
|  96|0x0000000086000000, 0x0000000086000000, 0x0000000086100000|  0%| F|  |TAMS 0x0000000086000000, 0x0000000086000000| Untracked 
|  97|0x0000000086100000, 0x0000000086100000, 0x0000000086200000|  0%| F|  |TAMS 0x0000000086100000, 0x0000000086100000| Untracked 
|  98|0x0000000086200000, 0x0000000086200000, 0x0000000086300000|  0%| F|  |TAMS 0x0000000086200000, 0x0000000086200000| Untracked 
|  99|0x0000000086300000, 0x00000000863f6118, 0x0000000086400000| 96%| S|CS|TAMS 0x0000000086300000, 0x0000000086300000| Complete 
| 100|0x0000000086400000, 0x0000000086500000, 0x0000000086500000|100%| S|CS|TAMS 0x0000000086400000, 0x0000000086400000| Complete 
| 101|0x0000000086500000, 0x0000000086500000, 0x0000000086600000|  0%| F|  |TAMS 0x0000000086500000, 0x0000000086500000| Untracked 
| 102|0x0000000086600000, 0x0000000086600000, 0x0000000086700000|  0%| F|  |TAMS 0x0000000086600000, 0x0000000086600000| Untracked 
| 103|0x0000000086700000, 0x0000000086700000, 0x0000000086800000|  0%| F|  |TAMS 0x0000000086700000, 0x0000000086700000| Untracked 
| 104|0x0000000086800000, 0x0000000086800000, 0x0000000086900000|  0%| F|  |TAMS 0x0000000086800000, 0x0000000086800000| Untracked 
| 105|0x0000000086900000, 0x0000000086900000, 0x0000000086a00000|  0%| F|  |TAMS 0x0000000086900000, 0x0000000086900000| Untracked 
| 106|0x0000000086a00000, 0x0000000086a00000, 0x0000000086b00000|  0%| F|  |TAMS 0x0000000086a00000, 0x0000000086a00000| Untracked 
| 107|0x0000000086b00000, 0x0000000086b00000, 0x0000000086c00000|  0%| F|  |TAMS 0x0000000086b00000, 0x0000000086b00000| Untracked 
| 108|0x0000000086c00000, 0x0000000086c00000, 0x0000000086d00000|  0%| F|  |TAMS 0x0000000086c00000, 0x0000000086c00000| Untracked 
| 109|0x0000000086d00000, 0x0000000086d00000, 0x0000000086e00000|  0%| F|  |TAMS 0x0000000086d00000, 0x0000000086d00000| Untracked 
| 110|0x0000000086e00000, 0x0000000086e00000, 0x0000000086f00000|  0%| F|  |TAMS 0x0000000086e00000, 0x0000000086e00000| Untracked 
| 111|0x0000000086f00000, 0x0000000086f00000, 0x0000000087000000|  0%| F|  |TAMS 0x0000000086f00000, 0x0000000086f00000| Untracked 
| 112|0x0000000087000000, 0x0000000087000000, 0x0000000087100000|  0%| F|  |TAMS 0x0000000087000000, 0x0000000087000000| Untracked 
| 113|0x0000000087100000, 0x0000000087100000, 0x0000000087200000|  0%| F|  |TAMS 0x0000000087100000, 0x0000000087100000| Untracked 
| 114|0x0000000087200000, 0x0000000087200000, 0x0000000087300000|  0%| F|  |TAMS 0x0000000087200000, 0x0000000087200000| Untracked 
| 115|0x0000000087300000, 0x0000000087300000, 0x0000000087400000|  0%| F|  |TAMS 0x0000000087300000, 0x0000000087300000| Untracked 
| 116|0x0000000087400000, 0x0000000087400000, 0x0000000087500000|  0%| F|  |TAMS 0x0000000087400000, 0x0000000087400000| Untracked 
| 117|0x0000000087500000, 0x0000000087500000, 0x0000000087600000|  0%| F|  |TAMS 0x0000000087500000, 0x0000000087500000| Untracked 
| 118|0x0000000087600000, 0x0000000087600000, 0x0000000087700000|  0%| F|  |TAMS 0x0000000087600000, 0x0000000087600000| Untracked 
| 119|0x0000000087700000, 0x0000000087700000, 0x0000000087800000|  0%| F|  |TAMS 0x0000000087700000, 0x0000000087700000| Untracked 
| 120|0x0000000087800000, 0x0000000087800000, 0x0000000087900000|  0%| F|  |TAMS 0x0000000087800000, 0x0000000087800000| Untracked 
| 121|0x0000000087900000, 0x0000000087900000, 0x0000000087a00000|  0%| F|  |TAMS 0x0000000087900000, 0x0000000087900000| Untracked 
| 122|0x0000000087a00000, 0x0000000087a00000, 0x0000000087b00000|  0%| F|  |TAMS 0x0000000087a00000, 0x0000000087a00000| Untracked 
| 123|0x0000000087b00000, 0x0000000087b00000, 0x0000000087c00000|  0%| F|  |TAMS 0x0000000087b00000, 0x0000000087b00000| Untracked 
| 124|0x0000000087c00000, 0x0000000087c00000, 0x0000000087d00000|  0%| F|  |TAMS 0x0000000087c00000, 0x0000000087c00000| Untracked 
| 125|0x0000000087d00000, 0x0000000087d00000, 0x0000000087e00000|  0%| F|  |TAMS 0x0000000087d00000, 0x0000000087d00000| Untracked 
| 126|0x0000000087e00000, 0x0000000087e00000, 0x0000000087f00000|  0%| F|  |TAMS 0x0000000087e00000, 0x0000000087e00000| Untracked 
| 127|0x0000000087f00000, 0x0000000087f00000, 0x0000000088000000|  0%| F|  |TAMS 0x0000000087f00000, 0x0000000087f00000| Untracked 
| 128|0x0000000088000000, 0x0000000088000000, 0x0000000088100000|  0%| F|  |TAMS 0x0000000088000000, 0x0000000088000000| Untracked 
| 129|0x0000000088100000, 0x0000000088100000, 0x0000000088200000|  0%| F|  |TAMS 0x0000000088100000, 0x0000000088100000| Untracked 
| 130|0x0000000088200000, 0x0000000088200000, 0x0000000088300000|  0%| F|  |TAMS 0x0000000088200000, 0x0000000088200000| Untracked 
| 131|0x0000000088300000, 0x0000000088300000, 0x0000000088400000|  0%| F|  |TAMS 0x0000000088300000, 0x0000000088300000| Untracked 
| 132|0x0000000088400000, 0x0000000088500000, 0x0000000088500000|100%| E|CS|TAMS 0x0000000088400000, 0x0000000088400000| Complete 
| 133|0x0000000088500000, 0x0000000088600000, 0x0000000088600000|100%| E|CS|TAMS 0x0000000088500000, 0x0000000088500000| Complete 
| 134|0x0000000088600000, 0x0000000088700000, 0x0000000088700000|100%| E|CS|TAMS 0x0000000088600000, 0x0000000088600000| Complete 
| 135|0x0000000088700000, 0x0000000088800000, 0x0000000088800000|100%| E|CS|TAMS 0x0000000088700000, 0x0000000088700000| Complete 

Card table byte_map: [0x000002132b3a0000,0x000002132b7a0000] _byte_map_base: 0x000002132afa0000

Marking Bits (Prev, Next): (CMBitMap*) 0x00000213122bec30, (CMBitMap*) 0x00000213122bebf0
 Prev Bits: [0x000002132dba0000, 0x000002132fba0000)
 Next Bits: [0x000002132bba0000, 0x000002132dba0000)

Polling page: 0x0000021312310000

Metaspace:

Usage:
  Non-class:     69.66 MB used.
      Class:     11.37 MB used.
       Both:     81.03 MB used.

Virtual space:
  Non-class space:      128.00 MB reserved,      70.12 MB ( 55%) committed,  2 nodes.
      Class space:      416.00 MB reserved,      11.69 MB (  3%) committed,  1 nodes.
             Both:      544.00 MB reserved,      81.81 MB ( 15%) committed. 

Chunk freelists:
   Non-Class:  9.80 MB
       Class:  4.14 MB
        Both:  13.94 MB

MaxMetaspaceSize: 512.00 MB
CompressedClassSpaceSize: 416.00 MB
Initial GC threshold: 21.00 MB
Current GC threshold: 131.69 MB
CDS: on
MetaspaceReclaimPolicy: balanced
 - commit_granule_bytes: 65536.
 - commit_granule_words: 8192.
 - virtual_space_node_default_size: 8388608.
 - enlarge_chunks_in_place: 1.
 - new_chunks_are_fully_committed: 0.
 - uncommit_free_chunks: 1.
 - use_allocation_guard: 0.
 - handle_deallocations: 1.


Internal statistics:

num_allocs_failed_limit: 6.
num_arena_births: 1020.
num_arena_deaths: 0.
num_vsnodes_births: 3.
num_vsnodes_deaths: 0.
num_space_committed: 1309.
num_space_uncommitted: 0.
num_chunks_returned_to_freelist: 6.
num_chunks_taken_from_freelist: 4428.
num_chunk_merges: 6.
num_chunk_splits: 2955.
num_chunks_enlarged: 1976.
num_inconsistent_stats: 0.

CodeHeap 'non-profiled nmethods': size=120000Kb used=4951Kb max_used=4951Kb free=115048Kb
 bounds [0x0000021323000000, 0x00000213234e0000, 0x000002132a530000]
CodeHeap 'profiled nmethods': size=120000Kb used=20379Kb max_used=20379Kb free=99620Kb
 bounds [0x000002131b530000, 0x000002131c920000, 0x0000021322a60000]
CodeHeap 'non-nmethods': size=5760Kb used=2412Kb max_used=2463Kb free=3347Kb
 bounds [0x0000021322a60000, 0x0000021322ce0000, 0x0000021323000000]
 total_blobs=11447 nmethods=10499 adapters=858
 compilation: enabled
              stopped_count=0, restarted_count=0
 full_count=0

Compilation events (20 events):
Event: 57.428 Thread 0x000002133267e190 nmethod 11293 0x000002131c8e6f90 code [0x000002131c8e7120, 0x000002131c8e7298]
Event: 57.428 Thread 0x000002133267e190 11294       3       groovyjarjarantlr4.v4.runtime.atn.ATNConfigSet::size (8 bytes)
Event: 57.428 Thread 0x000002133267e190 nmethod 11294 0x000002131c8e7310 code [0x000002131c8e74a0, 0x000002131c8e75d8]
Event: 57.428 Thread 0x000002133267e190 11295       1       groovyjarjarantlr4.v4.runtime.atn.ATNConfigSet::hasSemanticContext (5 bytes)
Event: 57.429 Thread 0x000002133267e190 nmethod 11295 0x00000213234d1890 code [0x00000213234d1a20, 0x00000213234d1af8]
Event: 57.431 Thread 0x000002133267e190 11296       1       groovyjarjarantlr4.v4.runtime.atn.ATNConfigSet::getUniqueAlt (5 bytes)
Event: 57.431 Thread 0x000002133267e190 nmethod 11296 0x00000213234d1b90 code [0x00000213234d1d20, 0x00000213234d1df8]
Event: 57.431 Thread 0x000002133267e190 11297       1       groovyjarjarantlr4.v4.runtime.CommonToken::getChannel (5 bytes)
Event: 57.431 Thread 0x000002133267e190 nmethod 11297 0x00000213234d1e90 code [0x00000213234d2020, 0x00000213234d20f8]
Event: 57.431 Thread 0x000002133267e190 11298       3       groovyjarjarantlr4.v4.runtime.CommonTokenStream::LT (75 bytes)
Event: 57.431 Thread 0x000002133267e190 nmethod 11298 0x000002131c8e7690 code [0x000002131c8e78c0, 0x000002131c8e8318]
Event: 57.432 Thread 0x000002133267e190 11299       1       groovyjarjarantlr4.v4.runtime.Recognizer::getInterpreter (5 bytes)
Event: 57.432 Thread 0x000002133267e190 nmethod 11299 0x00000213234d2190 code [0x00000213234d2320, 0x00000213234d23f8]
Event: 57.433 Thread 0x000002133267e190 11300       3       groovyjarjarantlr4.v4.runtime.dfa.DFAState::getTarget (12 bytes)
Event: 57.433 Thread 0x000002133267e190 nmethod 11300 0x000002131c8e8590 code [0x000002131c8e8740, 0x000002131c8e8a08]
Event: 57.433 Thread 0x000002133267e190 11302       3       groovyjarjarantlr4.v4.runtime.CodePointCharStream$CodePoint8BitCharStream::LA (98 bytes)
Event: 57.433 Thread 0x000002133267e190 nmethod 11302 0x000002131c8e8b10 code [0x000002131c8e8d00, 0x000002131c8e9168]
Event: 57.433 Thread 0x000002133267e190 11301       3       groovyjarjarantlr4.v4.runtime.BufferedTokenStream::sync (55 bytes)
Event: 57.433 Thread 0x000002133267e190 nmethod 11301 0x000002131c8e9310 code [0x000002131c8e94e0, 0x000002131c8e9858]
Event: 57.433 Thread 0x000002133267e190 11303       3       groovyjarjarantlr4.v4.runtime.atn.ParserATNSimulator::isAcceptState (45 bytes)

GC Heap History (20 events):
Event: 16.138 GC heap before
{Heap before GC invocations=13 (full 0):
 garbage-first heap   total 81920K, used 65705K [0x0000000080000000, 0x0000000100000000)
  region size 1024K, 34 young (34816K), 4 survivors (4096K)
 Metaspace       used 45110K, committed 45632K, reserved 491520K
  class space    used 6341K, committed 6592K, reserved 425984K
}
Event: 16.143 GC heap after
{Heap after GC invocations=14 (full 0):
 garbage-first heap   total 81920K, used 37399K [0x0000000080000000, 0x0000000100000000)
  region size 1024K, 5 young (5120K), 5 survivors (5120K)
 Metaspace       used 45110K, committed 45632K, reserved 491520K
  class space    used 6341K, committed 6592K, reserved 425984K
}
Event: 16.798 GC heap before
{Heap before GC invocations=14 (full 0):
 garbage-first heap   total 81920K, used 65047K [0x0000000080000000, 0x0000000100000000)
  region size 1024K, 32 young (32768K), 5 survivors (5120K)
 Metaspace       used 51646K, committed 52224K, reserved 491520K
  class space    used 7132K, committed 7360K, reserved 425984K
}
Event: 16.805 GC heap after
{Heap after GC invocations=15 (full 0):
 garbage-first heap   total 81920K, used 43151K [0x0000000080000000, 0x0000000100000000)
  region size 1024K, 4 young (4096K), 4 survivors (4096K)
 Metaspace       used 51646K, committed 52224K, reserved 491520K
  class space    used 7132K, committed 7360K, reserved 425984K
}
Event: 17.331 GC heap before
{Heap before GC invocations=15 (full 0):
 garbage-first heap   total 81920K, used 63631K [0x0000000080000000, 0x0000000100000000)
  region size 1024K, 24 young (24576K), 4 survivors (4096K)
 Metaspace       used 54119K, committed 54720K, reserved 491520K
  class space    used 7498K, committed 7744K, reserved 425984K
}
Event: 17.337 GC heap after
{Heap after GC invocations=16 (full 0):
 garbage-first heap   total 139264K, used 44467K [0x0000000080000000, 0x0000000100000000)
  region size 1024K, 2 young (2048K), 2 survivors (2048K)
 Metaspace       used 54119K, committed 54720K, reserved 491520K
  class space    used 7498K, committed 7744K, reserved 425984K
}
Event: 18.944 GC heap before
{Heap before GC invocations=17 (full 0):
 garbage-first heap   total 139264K, used 119219K [0x0000000080000000, 0x0000000100000000)
  region size 1024K, 63 young (64512K), 2 survivors (2048K)
 Metaspace       used 59736K, committed 60416K, reserved 491520K
  class space    used 8283K, committed 8576K, reserved 425984K
}
Event: 18.948 GC heap after
{Heap after GC invocations=18 (full 0):
 garbage-first heap   total 139264K, used 61821K [0x0000000080000000, 0x0000000100000000)
  region size 1024K, 7 young (7168K), 7 survivors (7168K)
 Metaspace       used 59736K, committed 60416K, reserved 491520K
  class space    used 8283K, committed 8576K, reserved 425984K
}
Event: 19.664 GC heap before
{Heap before GC invocations=18 (full 0):
 garbage-first heap   total 139264K, used 109949K [0x0000000080000000, 0x0000000100000000)
  region size 1024K, 54 young (55296K), 7 survivors (7168K)
 Metaspace       used 64699K, committed 65408K, reserved 491520K
  class space    used 8984K, committed 9280K, reserved 425984K
}
Event: 19.669 GC heap after
{Heap after GC invocations=19 (full 0):
 garbage-first heap   total 139264K, used 64196K [0x0000000080000000, 0x0000000100000000)
  region size 1024K, 3 young (3072K), 3 survivors (3072K)
 Metaspace       used 64699K, committed 65408K, reserved 491520K
  class space    used 8984K, committed 9280K, reserved 425984K
}
Event: 20.382 GC heap before
{Heap before GC invocations=19 (full 0):
 garbage-first heap   total 139264K, used 111300K [0x0000000080000000, 0x0000000100000000)
  region size 1024K, 49 young (50176K), 3 survivors (3072K)
 Metaspace       used 68148K, committed 68800K, reserved 491520K
  class space    used 9492K, committed 9792K, reserved 425984K
}
Event: 20.387 GC heap after
{Heap after GC invocations=20 (full 0):
 garbage-first heap   total 139264K, used 65484K [0x0000000080000000, 0x0000000100000000)
  region size 1024K, 4 young (4096K), 4 survivors (4096K)
 Metaspace       used 68148K, committed 68800K, reserved 491520K
  class space    used 9492K, committed 9792K, reserved 425984K
}
Event: 21.718 GC heap before
{Heap before GC invocations=20 (full 0):
 garbage-first heap   total 139264K, used 111564K [0x0000000080000000, 0x0000000100000000)
  region size 1024K, 50 young (51200K), 4 survivors (4096K)
 Metaspace       used 71167K, committed 71872K, reserved 491520K
  class space    used 9908K, committed 10176K, reserved 425984K
}
Event: 21.725 GC heap after
{Heap after GC invocations=21 (full 0):
 garbage-first heap   total 139264K, used 68562K [0x0000000080000000, 0x0000000100000000)
  region size 1024K, 5 young (5120K), 5 survivors (5120K)
 Metaspace       used 71167K, committed 71872K, reserved 491520K
  class space    used 9908K, committed 10176K, reserved 425984K
}
Event: 23.318 GC heap before
{Heap before GC invocations=21 (full 0):
 garbage-first heap   total 139264K, used 113618K [0x0000000080000000, 0x0000000100000000)
  region size 1024K, 49 young (50176K), 5 survivors (5120K)
 Metaspace       used 73785K, committed 74496K, reserved 491520K
  class space    used 10281K, committed 10624K, reserved 425984K
}
Event: 23.352 GC heap after
{Heap after GC invocations=22 (full 0):
 garbage-first heap   total 139264K, used 72842K [0x0000000080000000, 0x0000000100000000)
  region size 1024K, 7 young (7168K), 7 survivors (7168K)
 Metaspace       used 73785K, committed 74496K, reserved 491520K
  class space    used 10281K, committed 10624K, reserved 425984K
}
Event: 24.541 GC heap before
{Heap before GC invocations=23 (full 0):
 garbage-first heap   total 139264K, used 112778K [0x0000000080000000, 0x0000000100000000)
  region size 1024K, 47 young (48128K), 7 survivors (7168K)
 Metaspace       used 76599K, committed 77312K, reserved 557056K
  class space    used 10756K, committed 11072K, reserved 425984K
}
Event: 24.552 GC heap after
{Heap after GC invocations=24 (full 0):
 garbage-first heap   total 139264K, used 76364K [0x0000000080000000, 0x0000000100000000)
  region size 1024K, 4 young (4096K), 4 survivors (4096K)
 Metaspace       used 76599K, committed 77312K, reserved 557056K
  class space    used 10756K, committed 11072K, reserved 425984K
}
Event: 53.957 GC heap before
{Heap before GC invocations=24 (full 0):
 garbage-first heap   total 139264K, used 114252K [0x0000000080000000, 0x0000000100000000)
  region size 1024K, 42 young (43008K), 4 survivors (4096K)
 Metaspace       used 80081K, committed 80896K, reserved 557056K
  class space    used 11166K, committed 11520K, reserved 425984K
}
Event: 54.089 GC heap after
{Heap after GC invocations=25 (full 0):
 garbage-first heap   total 139264K, used 79037K [0x0000000080000000, 0x0000000100000000)
  region size 1024K, 4 young (4096K), 4 survivors (4096K)
 Metaspace       used 80081K, committed 80896K, reserved 557056K
  class space    used 11166K, committed 11520K, reserved 425984K
}

Dll operation events (15 events):
Event: 0.098 Loaded shared library C:\Program Files\Microsoft\jdk-17.0.8.7-hotspot\bin\java.dll
Event: 0.114 Loaded shared library C:\Program Files\Microsoft\jdk-17.0.8.7-hotspot\bin\jsvml.dll
Event: 0.177 Loaded shared library C:\Program Files\Microsoft\jdk-17.0.8.7-hotspot\bin\zip.dll
Event: 0.208 Loaded shared library C:\Program Files\Microsoft\jdk-17.0.8.7-hotspot\bin\instrument.dll
Event: 0.228 Loaded shared library C:\Program Files\Microsoft\jdk-17.0.8.7-hotspot\bin\net.dll
Event: 0.228 Loaded shared library C:\Program Files\Microsoft\jdk-17.0.8.7-hotspot\bin\nio.dll
Event: 0.231 Loaded shared library C:\Program Files\Microsoft\jdk-17.0.8.7-hotspot\bin\zip.dll
Event: 0.461 Loaded shared library C:\Program Files\Microsoft\jdk-17.0.8.7-hotspot\bin\jimage.dll
Event: 0.515 Loaded shared library C:\Program Files\Microsoft\jdk-17.0.8.7-hotspot\bin\verify.dll
Event: 1.083 Loaded shared library C:\Users\ASIM GOPE\.gradle\native\c067742578af261105cb4f569cf0c3c89f3d7b1fecec35dd04571415982c5e48\windows-amd64\native-platform.dll
Event: 1.279 Loaded shared library C:\Users\ASIM GOPE\.gradle\native\38dada09dfb8b06ba9b0570ebf7e218e3eb74d4ef43ca46872605cf95ebc2f47\windows-amd64\native-platform-file-events.dll
Event: 3.135 Loaded shared library C:\Program Files\Microsoft\jdk-17.0.8.7-hotspot\bin\management.dll
Event: 3.138 Loaded shared library C:\Program Files\Microsoft\jdk-17.0.8.7-hotspot\bin\management_ext.dll
Event: 3.709 Loaded shared library C:\Program Files\Microsoft\jdk-17.0.8.7-hotspot\bin\sunmscapi.dll
Event: 25.859 Loaded shared library C:\Program Files\Microsoft\jdk-17.0.8.7-hotspot\bin\rmi.dll

Deoptimization events (20 events):
Event: 56.111 Thread 0x000002135343bd30 Uncommon trap: trap_request=0xffffffbe fr.pc=0x0000021323405ae4 relative=0x00000000000001c4
Event: 56.111 Thread 0x000002135343bd30 Uncommon trap: reason=profile_predicate action=maybe_recompile pc=0x0000021323405ae4 method=java.util.LinkedHashMap.keysToArray([Ljava/lang/Object;)[Ljava/lang/Object; @ 12 c2
Event: 56.111 Thread 0x000002135343bd30 DEOPT PACKING pc=0x0000021323405ae4 sp=0x00000060fe9f7d70
Event: 56.111 Thread 0x000002135343bd30 DEOPT UNPACKING pc=0x0000021322ab69a3 sp=0x00000060fe9f7d28 mode 2
Event: 57.318 Thread 0x000002135343bd30 DEOPT PACKING pc=0x000002131c8a0cbc sp=0x00000060fe9f4680
Event: 57.318 Thread 0x000002135343bd30 DEOPT UNPACKING pc=0x0000021322ab7143 sp=0x00000060fe9f3b80 mode 0
Event: 57.318 Thread 0x000002135343bd30 DEOPT PACKING pc=0x000002131c89d9f4 sp=0x00000060fe9f4770
Event: 57.318 Thread 0x000002135343bd30 DEOPT UNPACKING pc=0x0000021322ab7143 sp=0x00000060fe9f3c78 mode 0
Event: 57.368 Thread 0x000002135343bd30 Uncommon trap: trap_request=0xffffff45 fr.pc=0x00000213234ce128 relative=0x0000000000000b28
Event: 57.368 Thread 0x000002135343bd30 Uncommon trap: reason=unstable_if action=reinterpret pc=0x00000213234ce128 method=groovyjarjarantlr4.v4.runtime.atn.ParserATNSimulator.getEpsilonTarget(Lgroovyjarjarantlr4/v4/runtime/atn/ATNConfig;Lgroovyjarjarantlr4/v4/runtime/atn/Transition;ZZLgroovyjar
Event: 57.368 Thread 0x000002135343bd30 DEOPT PACKING pc=0x00000213234ce128 sp=0x00000060fe9f34f0
Event: 57.368 Thread 0x000002135343bd30 DEOPT UNPACKING pc=0x0000021322ab69a3 sp=0x00000060fe9f34a8 mode 2
Event: 57.385 Thread 0x000002135343bd30 Uncommon trap: trap_request=0xffffff45 fr.pc=0x000002132319a174 relative=0x0000000000000254
Event: 57.385 Thread 0x000002135343bd30 Uncommon trap: reason=unstable_if action=reinterpret pc=0x000002132319a174 method=java.util.HashMap.getNode(Ljava/lang/Object;)Ljava/util/HashMap$Node; @ 85 c2
Event: 57.385 Thread 0x000002135343bd30 DEOPT PACKING pc=0x000002132319a174 sp=0x00000060fe9f4490
Event: 57.387 Thread 0x000002135343bd30 DEOPT UNPACKING pc=0x0000021322ab69a3 sp=0x00000060fe9f4390 mode 2
Event: 57.391 Thread 0x000002135343bd30 Uncommon trap: trap_request=0xffffff45 fr.pc=0x000002132308e404 relative=0x0000000000000084
Event: 57.391 Thread 0x000002135343bd30 Uncommon trap: reason=unstable_if action=reinterpret pc=0x000002132308e404 method=java.lang.String.codePointAt(I)I @ 4 c2
Event: 57.391 Thread 0x000002135343bd30 DEOPT PACKING pc=0x000002132308e404 sp=0x00000060fe9f3990
Event: 57.391 Thread 0x000002135343bd30 DEOPT UNPACKING pc=0x0000021322ab69a3 sp=0x00000060fe9f3928 mode 2

Classes unloaded (0 events):
No events

Classes redefined (0 events):
No events

Internal exceptions (20 events):
Event: 25.868 Thread 0x0000021352a38520 Exception <a 'java/lang/NoSuchMethodError'{0x000000008704b130}: static [Ljava/rmi/server/ObjID;.<clinit>()V> (0x000000008704b130) 
thrown [s\src\hotspot\share\prims\jni.cpp, line 1107]
Event: 25.870 Thread 0x0000021352a38520 Exception <a 'java/lang/NoSuchMethodError'{0x000000008706f480}: static [B.<clinit>()V> (0x000000008706f480) 
thrown [s\src\hotspot\share\prims\jni.cpp, line 1107]
Event: 25.905 Thread 0x0000021352a39450 Exception <a 'java/lang/InterruptedException'{0x000000008707b758}> (0x000000008707b758) 
thrown [s\src\hotspot\share\runtime\objectMonitor.cpp, line 1658]
Event: 25.906 Thread 0x0000021352a39450 Exception <a 'java/lang/NoSuchMethodError'{0x000000008707cbb8}: 'java.lang.Object java.lang.invoke.DirectMethodHandle$Holder.invokeSpecial(java.lang.Object, java.lang.Object, int, java.lang.Object, long)'> (0x000000008707cbb8) 
thrown [s\src\hotspot\share\interpreter\linkResolver.cpp, line 759]
Event: 25.906 Thread 0x0000021352a39450 Exception <a 'java/lang/NoSuchMethodError'{0x000000008708ca10}: 'java.lang.Object java.lang.invoke.DirectMethodHandle$Holder.newInvokeSpecial(java.lang.Object, java.lang.Object, int, java.lang.Object, long)'> (0x000000008708ca10) 
thrown [s\src\hotspot\share\interpreter\linkResolver.cpp, line 759]
Event: 26.139 Thread 0x0000021352a38520 Exception <a 'java/lang/NoSuchMethodError'{0x00000000870d2688}: static Lorg/jetbrains/kotlin/daemon/common/CompileService$CallResult;.<clinit>()V> (0x00000000870d2688) 
thrown [s\src\hotspot\share\prims\jni.cpp, line 1107]
Event: 26.140 Thread 0x0000021352a38520 Exception <a 'java/lang/NoSuchMethodError'{0x00000000870de7a8}: static Lorg/jetbrains/kotlin/daemon/common/CompileService$CallResult$Good;.<clinit>()V> (0x00000000870de7a8) 
thrown [s\src\hotspot\share\prims\jni.cpp, line 1107]
Event: 26.140 Thread 0x0000021352a38520 Exception <a 'java/lang/NoSuchMethodError'{0x00000000870ebf28}: static Lorg/jetbrains/kotlin/daemon/common/DaemonJVMOptions;.<clinit>()V> (0x00000000870ebf28) 
thrown [s\src\hotspot\share\prims\jni.cpp, line 1107]
Event: 26.172 Thread 0x0000021352a38520 Exception <a 'java/lang/NoSuchMethodError'{0x0000000086f289d8}: static Lorg/jetbrains/kotlin/daemon/common/CompileService$CallResult$Ok;.<clinit>()V> (0x0000000086f289d8) 
thrown [s\src\hotspot\share\prims\jni.cpp, line 1107]
Event: 26.217 Thread 0x0000021352a38520 Exception <a 'java/lang/NoSuchMethodError'{0x0000000086e9fff8}: static [Ljava/lang/Integer;.<clinit>()V> (0x0000000086e9fff8) 
thrown [s\src\hotspot\share\prims\jni.cpp, line 1107]
Event: 52.157 Thread 0x0000021352a366c0 Exception <a 'sun/nio/fs/WindowsException'{0x000000008688c410}> (0x000000008688c410) 
thrown [s\src\hotspot\share\prims\jni.cpp, line 516]
Event: 52.158 Thread 0x0000021352a366c0 Exception <a 'sun/nio/fs/WindowsException'{0x000000008688ea88}> (0x000000008688ea88) 
thrown [s\src\hotspot\share\prims\jni.cpp, line 516]
Event: 52.158 Thread 0x0000021352a366c0 Exception <a 'sun/nio/fs/WindowsException'{0x0000000086890c90}> (0x0000000086890c90) 
thrown [s\src\hotspot\share\prims\jni.cpp, line 516]
Event: 52.158 Thread 0x0000021352a366c0 Exception <a 'sun/nio/fs/WindowsException'{0x0000000086892b60}> (0x0000000086892b60) 
thrown [s\src\hotspot\share\prims\jni.cpp, line 516]
Event: 54.446 Thread 0x0000021354781010 Exception <a 'sun/nio/fs/WindowsException'{0x000000008857d748}> (0x000000008857d748) 
thrown [s\src\hotspot\share\prims\jni.cpp, line 516]
Event: 55.774 Thread 0x0000021354786620 Exception <a 'sun/nio/fs/WindowsException'{0x0000000087e546a0}> (0x0000000087e546a0) 
thrown [s\src\hotspot\share\prims\jni.cpp, line 516]
Event: 55.824 Thread 0x0000021354786620 Exception <a 'sun/nio/fs/WindowsException'{0x0000000087e718e0}> (0x0000000087e718e0) 
thrown [s\src\hotspot\share\prims\jni.cpp, line 516]
Event: 55.830 Thread 0x0000021354786620 Exception <a 'sun/nio/fs/WindowsException'{0x0000000087e71a58}> (0x0000000087e71a58) 
thrown [s\src\hotspot\share\prims\jni.cpp, line 516]
Event: 55.966 Thread 0x000002135343bd30 Exception <a 'java/lang/ClassNotFoundException'{0x0000000087ed8dd0}: build_dsht0hzn0phsqb2nciy5u7mvnBeanInfo> (0x0000000087ed8dd0) 
thrown [s\src\hotspot\share\classfile\systemDictionary.cpp, line 256]
Event: 55.972 Thread 0x000002135343bd30 Exception <a 'java/lang/ClassNotFoundException'{0x0000000087edf998}: build_dsht0hzn0phsqb2nciy5u7mvnCustomizer> (0x0000000087edf998) 
thrown [s\src\hotspot\share\classfile\systemDictionary.cpp, line 256]

VM Operations (20 events):
Event: 52.270 Executing VM operation: Cleanup
Event: 52.272 Executing VM operation: Cleanup done
Event: 53.273 Executing VM operation: Cleanup
Event: 53.273 Executing VM operation: Cleanup done
Event: 53.953 Executing VM operation: G1CollectForAllocation
Event: 54.090 Executing VM operation: G1CollectForAllocation done
Event: 54.601 Executing VM operation: G1PauseRemark
Event: 54.735 Executing VM operation: G1PauseRemark done
Event: 54.779 Executing VM operation: G1PauseCleanup
Event: 54.785 Executing VM operation: G1PauseCleanup done
Event: 55.785 Executing VM operation: Cleanup
Event: 55.786 Executing VM operation: Cleanup done
Event: 56.787 Executing VM operation: Cleanup
Event: 56.791 Executing VM operation: Cleanup done
Event: 57.317 Executing VM operation: HandshakeAllThreads
Event: 57.318 Executing VM operation: HandshakeAllThreads done
Event: 57.357 Executing VM operation: HandshakeAllThreads
Event: 57.357 Executing VM operation: HandshakeAllThreads done
Event: 57.426 Executing VM operation: ICBufferFull
Event: 57.426 Executing VM operation: ICBufferFull done

Events (20 events):
Event: 56.953 loading class java/lang/Short$ShortCache
Event: 56.955 loading class java/lang/Short$ShortCache done
Event: 57.325 loading class java/util/concurrent/atomic/AtomicIntegerArray
Event: 57.327 loading class java/util/concurrent/atomic/AtomicIntegerArray done
Event: 57.328 loading class java/lang/invoke/VarHandleInts$Array
Event: 57.330 loading class java/lang/invoke/VarHandleInts$Array done
Event: 57.392 loading class java/util/stream/SortedOps$OfInt
Event: 57.393 loading class java/util/stream/IntPipeline$StatefulOp
Event: 57.394 loading class java/util/stream/IntPipeline$StatefulOp done
Event: 57.394 loading class java/util/stream/SortedOps$OfInt done
Event: 57.395 loading class java/util/stream/Nodes$IntFixedNodeBuilder
Event: 57.395 loading class java/util/stream/Node$Builder$OfInt
Event: 57.396 loading class java/util/stream/Node$Builder$OfInt done
Event: 57.396 loading class java/util/stream/Nodes$IntArrayNode
Event: 57.397 loading class java/util/stream/Nodes$IntArrayNode done
Event: 57.397 loading class java/util/stream/Nodes$IntFixedNodeBuilder done
Event: 57.397 loading class java/util/stream/SortedOps$SizedIntSortingSink
Event: 57.400 loading class java/util/stream/SortedOps$AbstractIntSortingSink
Event: 57.403 loading class java/util/stream/SortedOps$AbstractIntSortingSink done
Event: 57.403 loading class java/util/stream/SortedOps$SizedIntSortingSink done


Dynamic libraries:
0x00007ff75c440000 - 0x00007ff75c44e000 	C:\Program Files\Microsoft\jdk-17.0.8.7-hotspot\bin\java.exe
0x00007ffc26930000 - 0x00007ffc26b47000 	C:\WINDOWS\SYSTEM32\ntdll.dll
0x00007ffc24dd0000 - 0x00007ffc24e94000 	C:\WINDOWS\System32\KERNEL32.DLL
0x00007ffc23c60000 - 0x00007ffc2400c000 	C:\WINDOWS\System32\KERNELBASE.dll
0x00007ffc24390000 - 0x00007ffc244a1000 	C:\WINDOWS\System32\ucrtbase.dll
0x00007ffbfd040000 - 0x00007ffbfd057000 	C:\Program Files\Microsoft\jdk-17.0.8.7-hotspot\bin\jli.dll
0x00007ffbfb9f0000 - 0x00007ffbfba0b000 	C:\Program Files\Microsoft\jdk-17.0.8.7-hotspot\bin\VCRUNTIME140.dll
0x00007ffc25ad0000 - 0x00007ffc25c7e000 	C:\WINDOWS\System32\USER32.dll
0x00007ffc244b0000 - 0x00007ffc244d6000 	C:\WINDOWS\System32\win32u.dll
0x00007ffc25c80000 - 0x00007ffc25ca9000 	C:\WINDOWS\System32\GDI32.dll
0x00007ffc045f0000 - 0x00007ffc04883000 	C:\WINDOWS\WinSxS\amd64_microsoft.windows.common-controls_6595b64144ccf1df_6.0.22621.3672_none_2713b9d173822955\COMCTL32.dll
0x00007ffc244e0000 - 0x00007ffc245f9000 	C:\WINDOWS\System32\gdi32full.dll
0x00007ffc25330000 - 0x00007ffc253d7000 	C:\WINDOWS\System32\msvcrt.dll
0x00007ffc24090000 - 0x00007ffc2412a000 	C:\WINDOWS\System32\msvcp_win.dll
0x00007ffc24bd0000 - 0x00007ffc24c01000 	C:\WINDOWS\System32\IMM32.DLL
0x00007ffc1f480000 - 0x00007ffc1f48c000 	C:\Program Files\Microsoft\jdk-17.0.8.7-hotspot\bin\vcruntime140_1.dll
0x00007ffb9c5e0000 - 0x00007ffb9c66d000 	C:\Program Files\Microsoft\jdk-17.0.8.7-hotspot\bin\msvcp140.dll
0x00007ffb9a630000 - 0x00007ffb9b295000 	C:\Program Files\Microsoft\jdk-17.0.8.7-hotspot\bin\server\jvm.dll
0x00007ffc24c10000 - 0x00007ffc24cc2000 	C:\WINDOWS\System32\ADVAPI32.dll
0x00007ffc255b0000 - 0x00007ffc2565a000 	C:\WINDOWS\System32\sechost.dll
0x00007ffc24130000 - 0x00007ffc24158000 	C:\WINDOWS\System32\bcrypt.dll
0x00007ffc24a90000 - 0x00007ffc24ba5000 	C:\WINDOWS\System32\RPCRT4.dll
0x00007ffc231a0000 - 0x00007ffc231ed000 	C:\WINDOWS\SYSTEM32\POWRPROF.dll
0x00007ffc12950000 - 0x00007ffc12959000 	C:\WINDOWS\SYSTEM32\WSOCK32.dll
0x00007ffc24cf0000 - 0x00007ffc24d61000 	C:\WINDOWS\System32\WS2_32.dll
0x00007ffc1ed60000 - 0x00007ffc1ed6a000 	C:\WINDOWS\SYSTEM32\VERSION.dll
0x00007ffc1d110000 - 0x00007ffc1d144000 	C:\WINDOWS\SYSTEM32\WINMM.dll
0x00007ffc230f0000 - 0x00007ffc23103000 	C:\WINDOWS\SYSTEM32\UMPDC.dll
0x00007ffc22c90000 - 0x00007ffc22ca8000 	C:\WINDOWS\SYSTEM32\kernel.appcore.dll
0x00007ffbfce80000 - 0x00007ffbfce8a000 	C:\Program Files\Microsoft\jdk-17.0.8.7-hotspot\bin\jimage.dll
0x00007ffc10dc0000 - 0x00007ffc10ff2000 	C:\WINDOWS\SYSTEM32\DBGHELP.DLL
0x00007ffc25740000 - 0x00007ffc25ac8000 	C:\WINDOWS\System32\combase.dll
0x00007ffc25660000 - 0x00007ffc25737000 	C:\WINDOWS\System32\OLEAUT32.dll
0x00007ffc125f0000 - 0x00007ffc12622000 	C:\WINDOWS\SYSTEM32\dbgcore.DLL
0x00007ffc24010000 - 0x00007ffc2408b000 	C:\WINDOWS\System32\bcryptPrimitives.dll
0x00007ffc0a620000 - 0x00007ffc0a62e000 	C:\Program Files\Microsoft\jdk-17.0.8.7-hotspot\bin\instrument.dll
0x00007ffbea5a0000 - 0x00007ffbea5c5000 	C:\Program Files\Microsoft\jdk-17.0.8.7-hotspot\bin\java.dll
0x00007ffb9a550000 - 0x00007ffb9a627000 	C:\Program Files\Microsoft\jdk-17.0.8.7-hotspot\bin\jsvml.dll
0x00007ffc25f90000 - 0x00007ffc267ec000 	C:\WINDOWS\System32\SHELL32.dll
0x00007ffc21bb0000 - 0x00007ffc224a7000 	C:\WINDOWS\SYSTEM32\windows.storage.dll
0x00007ffc21a70000 - 0x00007ffc21baf000 	C:\WINDOWS\SYSTEM32\wintypes.dll
0x00007ffc267f0000 - 0x00007ffc268e4000 	C:\WINDOWS\System32\SHCORE.dll
0x00007ffc25540000 - 0x00007ffc2559e000 	C:\WINDOWS\System32\shlwapi.dll
0x00007ffc23b90000 - 0x00007ffc23bb1000 	C:\WINDOWS\SYSTEM32\profapi.dll
0x00007ffbd8850000 - 0x00007ffbd8868000 	C:\Program Files\Microsoft\jdk-17.0.8.7-hotspot\bin\zip.dll
0x00007ffbe6400000 - 0x00007ffbe6419000 	C:\Program Files\Microsoft\jdk-17.0.8.7-hotspot\bin\net.dll
0x00007ffc1e4e0000 - 0x00007ffc1e616000 	C:\WINDOWS\SYSTEM32\WINHTTP.dll
0x00007ffc231f0000 - 0x00007ffc23259000 	C:\WINDOWS\system32\mswsock.dll
0x00007ffbd8870000 - 0x00007ffbd8886000 	C:\Program Files\Microsoft\jdk-17.0.8.7-hotspot\bin\nio.dll
0x00007ffbea8e0000 - 0x00007ffbea8f0000 	C:\Program Files\Microsoft\jdk-17.0.8.7-hotspot\bin\verify.dll
0x00007ffbe96b0000 - 0x00007ffbe96d7000 	C:\Users\ASIM GOPE\.gradle\native\c067742578af261105cb4f569cf0c3c89f3d7b1fecec35dd04571415982c5e48\windows-amd64\native-platform.dll
0x00007ffbf2020000 - 0x00007ffbf2164000 	C:\Users\ASIM GOPE\.gradle\native\38dada09dfb8b06ba9b0570ebf7e218e3eb74d4ef43ca46872605cf95ebc2f47\windows-amd64\native-platform-file-events.dll
0x00007ffc1f5b0000 - 0x00007ffc1f5b9000 	C:\Program Files\Microsoft\jdk-17.0.8.7-hotspot\bin\management.dll
0x00007ffc1f5a0000 - 0x00007ffc1f5ab000 	C:\Program Files\Microsoft\jdk-17.0.8.7-hotspot\bin\management_ext.dll
0x00007ffc24dc0000 - 0x00007ffc24dc8000 	C:\WINDOWS\System32\PSAPI.DLL
0x00007ffc23450000 - 0x00007ffc2346b000 	C:\WINDOWS\SYSTEM32\CRYPTSP.dll
0x00007ffc22bf0000 - 0x00007ffc22c25000 	C:\WINDOWS\system32\rsaenh.dll
0x00007ffc232f0000 - 0x00007ffc23318000 	C:\WINDOWS\SYSTEM32\USERENV.dll
0x00007ffc23470000 - 0x00007ffc2347c000 	C:\WINDOWS\SYSTEM32\CRYPTBASE.dll
0x00007ffc22710000 - 0x00007ffc2273d000 	C:\WINDOWS\SYSTEM32\IPHLPAPI.DLL
0x00007ffc24ea0000 - 0x00007ffc24ea9000 	C:\WINDOWS\System32\NSI.dll
0x00007ffc1ed30000 - 0x00007ffc1ed49000 	C:\WINDOWS\SYSTEM32\dhcpcsvc6.DLL
0x00007ffc1d0f0000 - 0x00007ffc1d10f000 	C:\WINDOWS\SYSTEM32\dhcpcsvc.DLL
0x00007ffc22780000 - 0x00007ffc22878000 	C:\WINDOWS\SYSTEM32\DNSAPI.dll
0x00007ffc1f560000 - 0x00007ffc1f56e000 	C:\Program Files\Microsoft\jdk-17.0.8.7-hotspot\bin\sunmscapi.dll
0x00007ffc24220000 - 0x00007ffc24387000 	C:\WINDOWS\System32\CRYPT32.dll
0x00007ffc235f0000 - 0x00007ffc2361e000 	C:\WINDOWS\SYSTEM32\ncrypt.dll
0x00007ffc235b0000 - 0x00007ffc235e7000 	C:\WINDOWS\SYSTEM32\NTASN1.dll
0x00007ffc1f550000 - 0x00007ffc1f558000 	C:\WINDOWS\system32\wshunix.dll
0x00007ffbecef0000 - 0x00007ffbecf07000 	C:\WINDOWS\system32\napinsp.dll
0x00007ffbeced0000 - 0x00007ffbeceeb000 	C:\WINDOWS\system32\pnrpnsp.dll
0x00007ffbeceb0000 - 0x00007ffbecec1000 	C:\WINDOWS\System32\winrnr.dll
0x00007ffc1c010000 - 0x00007ffc1c025000 	C:\WINDOWS\system32\wshbth.dll
0x00007ffbecdb0000 - 0x00007ffbecdd7000 	C:\WINDOWS\system32\nlansp_c.dll
0x00007ffc1c720000 - 0x00007ffc1c72a000 	C:\Windows\System32\rasadhlp.dll
0x00007ffc1bdd0000 - 0x00007ffc1be53000 	C:\WINDOWS\System32\fwpuclnt.dll
0x00007ffc0a5f0000 - 0x00007ffc0a5f7000 	C:\Program Files\Microsoft\jdk-17.0.8.7-hotspot\bin\rmi.dll
0x00007ffc22cb0000 - 0x00007ffc22ce4000 	C:\WINDOWS\SYSTEM32\ntmarta.dll

dbghelp: loaded successfully - version: 4.0.5 - missing functions: none
symbol engine: initialized successfully - sym options: 0x614 - pdb path: .;C:\Program Files\Microsoft\jdk-17.0.8.7-hotspot\bin;C:\WINDOWS\SYSTEM32;C:\WINDOWS\WinSxS\amd64_microsoft.windows.common-controls_6595b64144ccf1df_6.0.22621.3672_none_2713b9d173822955;C:\Program Files\Microsoft\jdk-17.0.8.7-hotspot\bin\server;C:\Users\ASIM GOPE\.gradle\native\c067742578af261105cb4f569cf0c3c89f3d7b1fecec35dd04571415982c5e48\windows-amd64;C:\Users\ASIM GOPE\.gradle\native\38dada09dfb8b06ba9b0570ebf7e218e3eb74d4ef43ca46872605cf95ebc2f47\windows-amd64

VM Arguments:
jvm_args: -XX:MaxMetaspaceSize=512m --add-opens=java.base/java.util=ALL-UNNAMED --add-opens=java.base/java.lang=ALL-UNNAMED --add-opens=java.base/java.lang.invoke=ALL-UNNAMED --add-opens=java.prefs/java.util.prefs=ALL-UNNAMED --add-opens=java.base/java.nio.charset=ALL-UNNAMED --add-opens=java.base/java.net=ALL-UNNAMED --add-opens=java.base/java.util.concurrent.atomic=ALL-UNNAMED -Xmx2048m -Dfile.encoding=windows-1252 -Duser.country=IN -Duser.language=en -Duser.variant -javaagent:C:\Users\ASIM GOPE\.gradle\wrapper\dists\gradle-8.5-all\3zlzzgtsutfj0pbojr50n2l7z\gradle-8.5\lib\agents\gradle-instrumentation-agent-8.5.jar 
java_command: org.gradle.launcher.daemon.bootstrap.GradleDaemon 8.5
java_class_path (initial): C:\Users\ASIM GOPE\.gradle\wrapper\dists\gradle-8.5-all\3zlzzgtsutfj0pbojr50n2l7z\gradle-8.5\lib\gradle-launcher-8.5.jar
Launcher Type: SUN_STANDARD

[Global flags]
     intx CICompilerCount                          = 4                                         {product} {ergonomic}
   size_t CompressedClassSpaceSize                 = 436207616                                 {product} {ergonomic}
     uint ConcGCThreads                            = 2                                         {product} {ergonomic}
     uint G1ConcRefinementThreads                  = 8                                         {product} {ergonomic}
   size_t G1HeapRegionSize                         = 1048576                                   {product} {ergonomic}
    uintx GCDrainStackTargetSize                   = 64                                        {product} {ergonomic}
   size_t InitialHeapSize                          = 132120576                                 {product} {ergonomic}
   size_t MarkStackSize                            = 4194304                                   {product} {ergonomic}
   size_t MaxHeapSize                              = 2147483648                                {product} {command line}
   size_t MaxMetaspaceSize                         = 536870912                                 {product} {command line}
   size_t MaxNewSize                               = 1287651328                                {product} {ergonomic}
   size_t MinHeapDeltaBytes                        = 1048576                                   {product} {ergonomic}
   size_t MinHeapSize                              = 8388608                                   {product} {ergonomic}
    uintx NonNMethodCodeHeapSize                   = 5839372                                {pd product} {ergonomic}
    uintx NonProfiledCodeHeapSize                  = 122909434                              {pd product} {ergonomic}
    uintx ProfiledCodeHeapSize                     = 122909434                              {pd product} {ergonomic}
    uintx ReservedCodeCacheSize                    = 251658240                              {pd product} {ergonomic}
     bool SegmentedCodeCache                       = true                                      {product} {ergonomic}
   size_t SoftMaxHeapSize                          = 2147483648                             {manageable} {ergonomic}
     bool UseCompressedClassPointers               = true                           {product lp64_product} {ergonomic}
     bool UseCompressedOops                        = true                           {product lp64_product} {ergonomic}
     bool UseG1GC                                  = true                                      {product} {ergonomic}
     bool UseLargePagesIndividualAllocation        = false                                  {pd product} {ergonomic}

Logging:
Log output configuration:
 #0: stdout all=warning uptime,level,tags
 #1: stderr all=off uptime,level,tags

Environment Variables:
JAVA_HOME=C:\Program Files\Microsoft\jdk-17.0.8.7-hotspot\
CLASSPATH=A:\EPsum\BLE\BlueLoc\android\\gradle\wrapper\gradle-wrapper.jar
PATH=C:\Users\ASIMGO~1\AppData\Local\Temp\xfs-7e16921f;C:\Program Files\Common Files\Siemens\Automation\Simatic OAM\bin;C:\Program Files\Microsoft\jdk-17.0.8.7-hotspot\bin;C:\Python312\Scripts\;C:\Python312\;C:\oraclexe\app\oracle\product\11.2.0\server\bin;C:\Python310\Scripts\;C:\Python310\;C:\Program Files\Common Files\Oracle\Java\javapath;C:\Windows\system32;C:\Windows;C:\Windows\System32\Wbem;C:\Windows\System32\WindowsPowerShell\v1.0\;C:\Windows\System32\OpenSSH\;C:\Program Files (x86)\NVIDIA Corporation\PhysX\Common;C:\Program Files\NVIDIA Corporation\NVIDIA NvDLISR;C:\Program Files\Java\jdk-15.0.1\bin;C:\Program Files\Java\jdk-15.0.1;C:\MinGW\bin;C:\Program Files\Java\jdk-15.0.1\bin\;A:\asim\PUBGLite\PUBGLite;C:\Users\ASIM GOPE\AppData\Local\Programs\Microsoft VS Code\bin;C:\ProgramData\chocolatey\bin;C:\WINDOWS\system32;C:\WINDOWS;C:\WINDOWS\System32\Wbem;C:\WINDOWS\System32\WindowsPowerShell\v1.0\;C:\WINDOWS\System32\OpenSSH\;C:\Program Files\OpenJDK\openjdk-11.0.13_8\bin;C:\Program Files\Git\cmd;C:\Program Files\Microsoft SQL Server\150\Tools\Binn\;C:\Program Files\nodejs\;C:\Users\ASIM GOPE\anaconda3;C:\Users\ASIM GOPE\anaconda3\Library\mingw-w64\bin;C:\Users\ASIM GOPE\anaconda3\Library\usr\bin;C:\Users\ASIM GOPE\anaconda3\Library\bin;C:\Users\ASIM GOPE\anaconda3\Scripts;C:\Users\ASIM GOPE\AppData\Local\Microsoft\WindowsApps;A:\asim\PUBGLite\PUBGLite;C:\Program Files\Java\jdk-15.0.2\bin;C:\MinGW\bin;C:\Program Files\JetBrains\IntelliJ IDEA 2020.3\bin;C:\Users\ASIM GOPE\AppData\Local\Android\Sdk\platform-tools;C:\Users\ASIM GOPE\AppData\Local\Android\Sdk\emulator;C:\Users\ASIM GOPE\AppData\Local\Microsoft\WindowsApps;C:\Users\ASIM GOPE\AppData\Local\Programs\Microsoft VS Code\bin;A:\flutter_windows_3.7.11-stable\flutter\bin;C:\Users\ASIM GOPE\Downloads\stance-mobile-app\stance-mobile-app\flutter\bin;C:\Users\ASIM GOPE\AppData\Roaming\npm
USERNAME=ASIM GOPE
LANG=en_US.UTF-8
OS=Windows_NT
PROCESSOR_IDENTIFIER=Intel64 Family 6 Model 158 Stepping 13, GenuineIntel
TMP=C:\Users\ASIMGO~1\AppData\Local\Temp
TEMP=C:\Users\ASIMGO~1\AppData\Local\Temp



---------------  S Y S T E M  ---------------

OS:
 Windows 11 , 64 bit Build 22621 (10.0.22621.3672)
OS uptime: 0 days 7:39 hours

CPU: total 8 (initial active 8) (4 cores per cpu, 2 threads per core) family 6 model 158 stepping 13 microcode 0xde, cx8, cmov, fxsr, ht, mmx, 3dnowpref, sse, sse2, sse3, ssse3, sse4.1, sse4.2, popcnt, lzcnt, tsc, tscinvbit, avx, avx2, aes, erms, clmul, bmi1, bmi2, adx, fma, vzeroupper, clflush, clflushopt
Processor Information for all 8 processors :
  Max Mhz: 2401, Current Mhz: 2400, Mhz Limit: 2376

Memory: 4k page, system-wide physical 8036M (67M free)
TotalPageFile size 32612M (AvailPageFile size 4M)
current process WorkingSet (physical memory assigned to process): 238M, peak: 370M
current process commit charge ("private bytes"): 395M, peak: 404M

vm_info: OpenJDK 64-Bit Server VM (17.0.8+7-LTS) for windows-amd64 JRE (17.0.8+7-LTS), built on Jul  7 2023 17:21:55 by "MicrosoftCorporation" with MS VC++ 16.10 / 16.11 (VS2019)

END.
